{"/home/vladislav/WebstormProjects/2022_2_Technopanki_frontend/Reacts/jsx-runtime/createNode.ts": {"path":"/home/vladislav/WebstormProjects/2022_2_Technopanki_frontend/Reacts/jsx-runtime/createNode.ts","statementMap":{"0":{"start":{"line":12,"column":22},"end":{"line":23,"column":2}},"1":{"start":{"line":16,"column":21},"end":{"line":23,"column":1}},"2":{"start":{"line":22,"column":21},"end":{"line":22,"column":48}},"3":{"start":{"line":25,"column":24},"end":{"line":35,"column":1}},"4":{"start":{"line":29,"column":21},"end":{"line":29,"column":65}},"5":{"start":{"line":30,"column":27},"end":{"line":30,"column":44}},"6":{"start":{"line":32,"column":4},"end":{"line":32,"column":41}},"7":{"start":{"line":33,"column":4},"end":{"line":33,"column":29}},"8":{"start":{"line":34,"column":4},"end":{"line":34,"column":47}},"9":{"start":{"line":37,"column":24},"end":{"line":52,"column":1}},"10":{"start":{"line":42,"column":38},"end":{"line":49,"column":5}},"11":{"start":{"line":50,"column":4},"end":{"line":50,"column":33}},"12":{"start":{"line":51,"column":4},"end":{"line":51,"column":16}},"13":{"start":{"line":84,"column":26},"end":{"line":101,"column":1}},"14":{"start":{"line":89,"column":4},"end":{"line":100,"column":5}},"15":{"start":{"line":91,"column":12},"end":{"line":91,"column":56}},"16":{"start":{"line":93,"column":12},"end":{"line":93,"column":58}},"17":{"start":{"line":99,"column":12},"end":{"line":99,"column":55}}},"fnMap":{"0":{"name":"(anonymous_0)","decl":{"start":{"line":12,"column":22},"end":{"line":12,"column":23}},"loc":{"start":{"line":16,"column":21},"end":{"line":23,"column":1}},"line":16},"1":{"name":"(anonymous_1)","decl":{"start":{"line":22,"column":15},"end":{"line":22,"column":16}},"loc":{"start":{"line":22,"column":21},"end":{"line":22,"column":48}},"line":22},"2":{"name":"(anonymous_2)","decl":{"start":{"line":25,"column":24},"end":{"line":25,"column":25}},"loc":{"start":{"line":28,"column":5},"end":{"line":35,"column":1}},"line":28},"3":{"name":"(anonymous_3)","decl":{"start":{"line":37,"column":24},"end":{"line":37,"column":25}},"loc":{"start":{"line":41,"column":26},"end":{"line":52,"column":1}},"line":41},"4":{"name":"(anonymous_4)","decl":{"start":{"line":84,"column":26},"end":{"line":84,"column":27}},"loc":{"start":{"line":88,"column":17},"end":{"line":101,"column":1}},"line":88}},"branchMap":{"0":{"loc":{"start":{"line":20,"column":9},"end":{"line":20,"column":35}},"type":"binary-expr","locations":[{"start":{"line":20,"column":9},"end":{"line":20,"column":17}},{"start":{"line":20,"column":21},"end":{"line":20,"column":35}}],"line":20},"1":{"loc":{"start":{"line":46,"column":13},"end":{"line":46,"column":39}},"type":"binary-expr","locations":[{"start":{"line":46,"column":13},"end":{"line":46,"column":21}},{"start":{"line":46,"column":25},"end":{"line":46,"column":39}}],"line":46},"2":{"loc":{"start":{"line":89,"column":4},"end":{"line":100,"column":5}},"type":"switch","locations":[{"start":{"line":90,"column":8},"end":{"line":91,"column":56}},{"start":{"line":92,"column":8},"end":{"line":93,"column":58}},{"start":{"line":94,"column":8},"end":{"line":99,"column":55}}],"line":89}},"s":{"0":3,"1":88,"2":88,"3":3,"4":10,"5":10,"6":10,"7":10,"8":10,"9":3,"10":10,"11":10,"12":10,"13":3,"14":98,"15":88,"16":10,"17":0},"f":{"0":88,"1":88,"2":10,"3":10,"4":98},"b":{"0":[88,64],"1":[10,10],"2":[88,10,0]},"_coverageSchema":"1a1c01bbd47fc00a2c39e90264f33305004495a9","hash":"06d84c14d271991ae2bf7eb9ef4ef0212da281c5"}
,"/home/vladislav/WebstormProjects/2022_2_Technopanki_frontend/Reacts/jsx-runtime/index.ts": {"path":"/home/vladislav/WebstormProjects/2022_2_Technopanki_frontend/Reacts/jsx-runtime/index.ts","statementMap":{"0":{"start":{"line":3,"column":19},"end":{"line":5,"column":1}},"1":{"start":{"line":4,"column":4},"end":{"line":4,"column":45}},"2":{"start":{"line":7,"column":20},"end":{"line":9,"column":1}},"3":{"start":{"line":8,"column":4},"end":{"line":8,"column":45}}},"fnMap":{"0":{"name":"(anonymous_0)","decl":{"start":{"line":3,"column":19},"end":{"line":3,"column":20}},"loc":{"start":{"line":3,"column":61},"end":{"line":5,"column":1}},"line":3},"1":{"name":"(anonymous_1)","decl":{"start":{"line":7,"column":20},"end":{"line":7,"column":21}},"loc":{"start":{"line":7,"column":62},"end":{"line":9,"column":1}},"line":7}},"branchMap":{},"s":{"0":3,"1":90,"2":3,"3":8},"f":{"0":90,"1":8},"b":{},"_coverageSchema":"1a1c01bbd47fc00a2c39e90264f33305004495a9","hash":"8defbdc3a1593dfda0afd36384c23dfbf6db0d41"}
,"/home/vladislav/WebstormProjects/2022_2_Technopanki_frontend/Reacts/reacts-dom/diff/applyChildrenDiff.ts": {"path":"/home/vladislav/WebstormProjects/2022_2_Technopanki_frontend/Reacts/reacts-dom/diff/applyChildrenDiff.ts","statementMap":{"0":{"start":{"line":21,"column":33},"end":{"line":69,"column":1}},"1":{"start":{"line":26,"column":17},"end":{"line":26,"column":28}},"2":{"start":{"line":27,"column":4},"end":{"line":68,"column":5}},"3":{"start":{"line":27,"column":17},"end":{"line":27,"column":27}},"4":{"start":{"line":28,"column":8},"end":{"line":30,"column":9}},"5":{"start":{"line":29,"column":12},"end":{"line":29,"column":21}},"6":{"start":{"line":32,"column":26},"end":{"line":32,"column":39}},"7":{"start":{"line":33,"column":26},"end":{"line":33,"column":71}},"8":{"start":{"line":35,"column":8},"end":{"line":42,"column":9}},"9":{"start":{"line":36,"column":12},"end":{"line":40,"column":14}},"10":{"start":{"line":41,"column":12},"end":{"line":41,"column":21}},"11":{"start":{"line":44,"column":8},"end":{"line":47,"column":9}},"12":{"start":{"line":45,"column":12},"end":{"line":45,"column":78}},"13":{"start":{"line":46,"column":12},"end":{"line":46,"column":21}},"14":{"start":{"line":49,"column":8},"end":{"line":52,"column":9}},"15":{"start":{"line":50,"column":12},"end":{"line":50,"column":69}},"16":{"start":{"line":51,"column":12},"end":{"line":51,"column":21}},"17":{"start":{"line":54,"column":8},"end":{"line":60,"column":9}},"18":{"start":{"line":55,"column":12},"end":{"line":57,"column":13}},"19":{"start":{"line":56,"column":16},"end":{"line":56,"column":54}},"20":{"start":{"line":58,"column":12},"end":{"line":58,"column":44}},"21":{"start":{"line":59,"column":12},"end":{"line":59,"column":21}},"22":{"start":{"line":62,"column":8},"end":{"line":65,"column":9}},"23":{"start":{"line":63,"column":12},"end":{"line":63,"column":68}},"24":{"start":{"line":64,"column":12},"end":{"line":64,"column":21}},"25":{"start":{"line":67,"column":8},"end":{"line":67,"column":55}}},"fnMap":{"0":{"name":"(anonymous_0)","decl":{"start":{"line":21,"column":33},"end":{"line":21,"column":34}},"loc":{"start":{"line":25,"column":5},"end":{"line":69,"column":1}},"line":25}},"branchMap":{"0":{"loc":{"start":{"line":24,"column":4},"end":{"line":24,"column":27}},"type":"default-arg","locations":[{"start":{"line":24,"column":26},"end":{"line":24,"column":27}}],"line":24},"1":{"loc":{"start":{"line":28,"column":8},"end":{"line":30,"column":9}},"type":"if","locations":[{"start":{"line":28,"column":8},"end":{"line":30,"column":9}},{"start":{},"end":{}}],"line":28},"2":{"loc":{"start":{"line":35,"column":8},"end":{"line":42,"column":9}},"type":"if","locations":[{"start":{"line":35,"column":8},"end":{"line":42,"column":9}},{"start":{},"end":{}}],"line":35},"3":{"loc":{"start":{"line":44,"column":8},"end":{"line":47,"column":9}},"type":"if","locations":[{"start":{"line":44,"column":8},"end":{"line":47,"column":9}},{"start":{},"end":{}}],"line":44},"4":{"loc":{"start":{"line":49,"column":8},"end":{"line":52,"column":9}},"type":"if","locations":[{"start":{"line":49,"column":8},"end":{"line":52,"column":9}},{"start":{},"end":{}}],"line":49},"5":{"loc":{"start":{"line":54,"column":8},"end":{"line":60,"column":9}},"type":"if","locations":[{"start":{"line":54,"column":8},"end":{"line":60,"column":9}},{"start":{},"end":{}}],"line":54},"6":{"loc":{"start":{"line":55,"column":12},"end":{"line":57,"column":13}},"type":"if","locations":[{"start":{"line":55,"column":12},"end":{"line":57,"column":13}},{"start":{},"end":{}}],"line":55},"7":{"loc":{"start":{"line":62,"column":8},"end":{"line":65,"column":9}},"type":"if","locations":[{"start":{"line":62,"column":8},"end":{"line":65,"column":9}},{"start":{},"end":{}}],"line":62}},"s":{"0":2,"1":0,"2":0,"3":0,"4":0,"5":0,"6":0,"7":0,"8":0,"9":0,"10":0,"11":0,"12":0,"13":0,"14":0,"15":0,"16":0,"17":0,"18":0,"19":0,"20":0,"21":0,"22":0,"23":0,"24":0,"25":0},"f":{"0":0},"b":{"0":[0],"1":[0,0],"2":[0,0],"3":[0,0],"4":[0,0],"5":[0,0],"6":[0,0],"7":[0,0]},"_coverageSchema":"1a1c01bbd47fc00a2c39e90264f33305004495a9","hash":"210f6fdd97ff9c6fb2bf0b60a8304d8629ed2baa"}
,"/home/vladislav/WebstormProjects/2022_2_Technopanki_frontend/Reacts/reacts-dom/diff/applyDiff.ts": {"path":"/home/vladislav/WebstormProjects/2022_2_Technopanki_frontend/Reacts/reacts-dom/diff/applyDiff.ts","statementMap":{"0":{"start":{"line":20,"column":25},"end":{"line":41,"column":1}},"1":{"start":{"line":21,"column":4},"end":{"line":40,"column":5}},"2":{"start":{"line":23,"column":12},"end":{"line":23,"column":19}},"3":{"start":{"line":25,"column":12},"end":{"line":25,"column":67}},"4":{"start":{"line":26,"column":12},"end":{"line":26,"column":19}},"5":{"start":{"line":28,"column":12},"end":{"line":28,"column":67}},"6":{"start":{"line":29,"column":12},"end":{"line":29,"column":19}},"7":{"start":{"line":32,"column":12},"end":{"line":36,"column":14}},"8":{"start":{"line":37,"column":12},"end":{"line":37,"column":19}},"9":{"start":{"line":39,"column":12},"end":{"line":39,"column":62}}},"fnMap":{"0":{"name":"(anonymous_0)","decl":{"start":{"line":20,"column":25},"end":{"line":20,"column":26}},"loc":{"start":{"line":20,"column":73},"end":{"line":41,"column":1}},"line":20}},"branchMap":{"0":{"loc":{"start":{"line":21,"column":4},"end":{"line":40,"column":5}},"type":"switch","locations":[{"start":{"line":22,"column":8},"end":{"line":23,"column":19}},{"start":{"line":24,"column":8},"end":{"line":26,"column":19}},{"start":{"line":27,"column":8},"end":{"line":29,"column":19}},{"start":{"line":30,"column":8},"end":{"line":37,"column":19}},{"start":{"line":38,"column":8},"end":{"line":39,"column":62}}],"line":21}},"s":{"0":2,"1":0,"2":0,"3":0,"4":0,"5":0,"6":0,"7":0,"8":0,"9":0},"f":{"0":0},"b":{"0":[0,0,0,0,0]},"_coverageSchema":"1a1c01bbd47fc00a2c39e90264f33305004495a9","hash":"b45a908cc9ecaf2d0a3ce0de9b2c021b841cd6ff"}
,"/home/vladislav/WebstormProjects/2022_2_Technopanki_frontend/Reacts/reacts-dom/diff/childrenDiff.ts": {"path":"/home/vladislav/WebstormProjects/2022_2_Technopanki_frontend/Reacts/reacts-dom/diff/childrenDiff.ts","statementMap":{"0":{"start":{"line":19,"column":23},"end":{"line":28,"column":1}},"1":{"start":{"line":24,"column":4},"end":{"line":27,"column":5}},"2":{"start":{"line":25,"column":8},"end":{"line":25,"column":51}},"3":{"start":{"line":26,"column":8},"end":{"line":26,"column":28}},"4":{"start":{"line":37,"column":23},"end":{"line":46,"column":1}},"5":{"start":{"line":42,"column":4},"end":{"line":45,"column":5}},"6":{"start":{"line":43,"column":8},"end":{"line":43,"column":51}},"7":{"start":{"line":44,"column":8},"end":{"line":44,"column":28}},"8":{"start":{"line":48,"column":33},"end":{"line":56,"column":1}},"9":{"start":{"line":52,"column":28},"end":{"line":52,"column":68}},"10":{"start":{"line":52,"column":60},"end":{"line":52,"column":67}},"11":{"start":{"line":53,"column":28},"end":{"line":53,"column":68}},"12":{"start":{"line":53,"column":60},"end":{"line":53,"column":67}},"13":{"start":{"line":55,"column":4},"end":{"line":55,"column":80}},"14":{"start":{"line":55,"column":37},"end":{"line":55,"column":70}},"15":{"start":{"line":58,"column":33},"end":{"line":104,"column":1}},"16":{"start":{"line":62,"column":34},"end":{"line":62,"column":36}},"17":{"start":{"line":64,"column":32},"end":{"line":68,"column":5}},"18":{"start":{"line":67,"column":61},"end":{"line":67,"column":77}},"19":{"start":{"line":70,"column":32},"end":{"line":74,"column":5}},"20":{"start":{"line":73,"column":61},"end":{"line":73,"column":77}},"21":{"start":{"line":76,"column":24},"end":{"line":79,"column":5}},"22":{"start":{"line":81,"column":4},"end":{"line":98,"column":5}},"23":{"start":{"line":82,"column":8},"end":{"line":82,"column":71}},"24":{"start":{"line":83,"column":8},"end":{"line":83,"column":71}},"25":{"start":{"line":85,"column":8},"end":{"line":92,"column":10}},"26":{"start":{"line":94,"column":8},"end":{"line":97,"column":10}},"27":{"start":{"line":100,"column":4},"end":{"line":100,"column":67}},"28":{"start":{"line":101,"column":4},"end":{"line":101,"column":67}},"29":{"start":{"line":103,"column":4},"end":{"line":103,"column":22}},"30":{"start":{"line":106,"column":28},"end":{"line":121,"column":1}},"31":{"start":{"line":110,"column":34},"end":{"line":110,"column":36}},"32":{"start":{"line":112,"column":4},"end":{"line":118,"column":5}},"33":{"start":{"line":112,"column":17},"end":{"line":112,"column":18}},"34":{"start":{"line":113,"column":8},"end":{"line":117,"column":9}},"35":{"start":{"line":114,"column":12},"end":{"line":114,"column":79}},"36":{"start":{"line":116,"column":12},"end":{"line":116,"column":72}},"37":{"start":{"line":120,"column":4},"end":{"line":120,"column":22}}},"fnMap":{"0":{"name":"(anonymous_0)","decl":{"start":{"line":19,"column":23},"end":{"line":19,"column":24}},"loc":{"start":{"line":23,"column":5},"end":{"line":28,"column":1}},"line":23},"1":{"name":"(anonymous_1)","decl":{"start":{"line":37,"column":23},"end":{"line":37,"column":24}},"loc":{"start":{"line":41,"column":5},"end":{"line":46,"column":1}},"line":41},"2":{"name":"(anonymous_2)","decl":{"start":{"line":48,"column":33},"end":{"line":48,"column":34}},"loc":{"start":{"line":51,"column":14},"end":{"line":56,"column":1}},"line":51},"3":{"name":"(anonymous_3)","decl":{"start":{"line":52,"column":52},"end":{"line":52,"column":53}},"loc":{"start":{"line":52,"column":60},"end":{"line":52,"column":67}},"line":52},"4":{"name":"(anonymous_4)","decl":{"start":{"line":53,"column":52},"end":{"line":53,"column":53}},"loc":{"start":{"line":53,"column":60},"end":{"line":53,"column":67}},"line":53},"5":{"name":"(anonymous_5)","decl":{"start":{"line":55,"column":32},"end":{"line":55,"column":33}},"loc":{"start":{"line":55,"column":37},"end":{"line":55,"column":70}},"line":55},"6":{"name":"(anonymous_6)","decl":{"start":{"line":58,"column":33},"end":{"line":58,"column":34}},"loc":{"start":{"line":61,"column":18},"end":{"line":104,"column":1}},"line":61},"7":{"name":"(anonymous_7)","decl":{"start":{"line":65,"column":8},"end":{"line":65,"column":9}},"loc":{"start":{"line":67,"column":61},"end":{"line":67,"column":77}},"line":67},"8":{"name":"(anonymous_8)","decl":{"start":{"line":71,"column":8},"end":{"line":71,"column":9}},"loc":{"start":{"line":73,"column":61},"end":{"line":73,"column":77}},"line":73},"9":{"name":"(anonymous_9)","decl":{"start":{"line":106,"column":28},"end":{"line":106,"column":29}},"loc":{"start":{"line":109,"column":18},"end":{"line":121,"column":1}},"line":109}},"branchMap":{"0":{"loc":{"start":{"line":24,"column":11},"end":{"line":24,"column":54}},"type":"binary-expr","locations":[{"start":{"line":24,"column":11},"end":{"line":24,"column":25}},{"start":{"line":24,"column":29},"end":{"line":24,"column":54}}],"line":24},"1":{"loc":{"start":{"line":42,"column":11},"end":{"line":42,"column":54}},"type":"binary-expr","locations":[{"start":{"line":42,"column":11},"end":{"line":42,"column":25}},{"start":{"line":42,"column":29},"end":{"line":42,"column":54}}],"line":42},"2":{"loc":{"start":{"line":55,"column":11},"end":{"line":55,"column":79}},"type":"binary-expr","locations":[{"start":{"line":55,"column":11},"end":{"line":55,"column":71}},{"start":{"line":55,"column":75},"end":{"line":55,"column":79}}],"line":55},"3":{"loc":{"start":{"line":113,"column":8},"end":{"line":117,"column":9}},"type":"if","locations":[{"start":{"line":113,"column":8},"end":{"line":117,"column":9}},{"start":{"line":115,"column":15},"end":{"line":117,"column":9}}],"line":113},"4":{"loc":{"start":{"line":113,"column":12},"end":{"line":113,"column":74}},"type":"binary-expr","locations":[{"start":{"line":113,"column":12},"end":{"line":113,"column":41}},{"start":{"line":113,"column":45},"end":{"line":113,"column":74}}],"line":113}},"s":{"0":2,"1":20,"2":0,"3":0,"4":2,"5":20,"6":0,"7":0,"8":2,"9":20,"10":30,"11":20,"12":30,"13":20,"14":15,"15":2,"16":5,"17":5,"18":15,"19":5,"20":15,"21":5,"22":5,"23":15,"24":15,"25":15,"26":15,"27":5,"28":5,"29":5,"30":2,"31":7,"32":7,"33":7,"34":15,"35":5,"36":10,"37":7},"f":{"0":20,"1":20,"2":20,"3":30,"4":30,"5":15,"6":5,"7":15,"8":15,"9":7},"b":{"0":[20,15],"1":[20,15],"2":[20,5],"3":[5,10],"4":[15,5]},"_coverageSchema":"1a1c01bbd47fc00a2c39e90264f33305004495a9","hash":"21a8b64364684d5cca0c48ff9a2c8bd826800400"}
,"/home/vladislav/WebstormProjects/2022_2_Technopanki_frontend/Reacts/reacts-dom/diff/createDiff.ts": {"path":"/home/vladislav/WebstormProjects/2022_2_Technopanki_frontend/Reacts/reacts-dom/diff/createDiff.ts","statementMap":{"0":{"start":{"line":21,"column":28},"end":{"line":49,"column":1}},"1":{"start":{"line":26,"column":58},"end":{"line":28,"column":48}},"2":{"start":{"line":28,"column":28},"end":{"line":28,"column":47}},"3":{"start":{"line":30,"column":58},"end":{"line":32,"column":48}},"4":{"start":{"line":32,"column":28},"end":{"line":32,"column":47}},"5":{"start":{"line":34,"column":26},"end":{"line":34,"column":74}},"6":{"start":{"line":34,"column":69},"end":{"line":34,"column":73}},"7":{"start":{"line":35,"column":26},"end":{"line":35,"column":74}},"8":{"start":{"line":35,"column":69},"end":{"line":35,"column":73}},"9":{"start":{"line":37,"column":4},"end":{"line":48,"column":6}},"10":{"start":{"line":40,"column":16},"end":{"line":43,"column":17}},"11":{"start":{"line":42,"column":28},"end":{"line":42,"column":65}},"12":{"start":{"line":46,"column":27},"end":{"line":46,"column":61}},"13":{"start":{"line":51,"column":35},"end":{"line":60,"column":1}},"14":{"start":{"line":55,"column":4},"end":{"line":57,"column":5}},"15":{"start":{"line":56,"column":8},"end":{"line":56,"column":41}},"16":{"start":{"line":59,"column":4},"end":{"line":59,"column":18}},"17":{"start":{"line":62,"column":37},"end":{"line":74,"column":1}},"18":{"start":{"line":66,"column":4},"end":{"line":68,"column":5}},"19":{"start":{"line":67,"column":8},"end":{"line":67,"column":52}},"20":{"start":{"line":70,"column":4},"end":{"line":73,"column":6}},"21":{"start":{"line":76,"column":28},"end":{"line":78,"column":1}},"22":{"start":{"line":77,"column":4},"end":{"line":77,"column":77}},"23":{"start":{"line":80,"column":19},"end":{"line":98,"column":1}},"24":{"start":{"line":84,"column":4},"end":{"line":97,"column":6}},"25":{"start":{"line":89,"column":20},"end":{"line":95,"column":21}},"26":{"start":{"line":90,"column":24},"end":{"line":92,"column":26}},"27":{"start":{"line":91,"column":41},"end":{"line":91,"column":74}},"28":{"start":{"line":94,"column":24},"end":{"line":94,"column":65}},"29":{"start":{"line":101,"column":35},"end":{"line":125,"column":1}},"30":{"start":{"line":105,"column":4},"end":{"line":107,"column":5}},"31":{"start":{"line":106,"column":8},"end":{"line":106,"column":41}},"32":{"start":{"line":109,"column":25},"end":{"line":109,"column":67}},"33":{"start":{"line":110,"column":50},"end":{"line":113,"column":5}},"34":{"start":{"line":115,"column":4},"end":{"line":117,"column":5}},"35":{"start":{"line":116,"column":8},"end":{"line":116,"column":22}},"36":{"start":{"line":119,"column":4},"end":{"line":119,"column":30}},"37":{"start":{"line":120,"column":4},"end":{"line":124,"column":6}},"38":{"start":{"line":128,"column":29},"end":{"line":153,"column":1}},"39":{"start":{"line":132,"column":4},"end":{"line":134,"column":5}},"40":{"start":{"line":133,"column":8},"end":{"line":133,"column":41}},"41":{"start":{"line":136,"column":25},"end":{"line":136,"column":67}},"42":{"start":{"line":137,"column":50},"end":{"line":140,"column":5}},"43":{"start":{"line":142,"column":4},"end":{"line":142,"column":30}},"44":{"start":{"line":143,"column":4},"end":{"line":143,"column":40}},"45":{"start":{"line":144,"column":4},"end":{"line":146,"column":5}},"46":{"start":{"line":145,"column":8},"end":{"line":145,"column":22}},"47":{"start":{"line":148,"column":4},"end":{"line":152,"column":6}},"48":{"start":{"line":161,"column":26},"end":{"line":194,"column":1}},"49":{"start":{"line":166,"column":4},"end":{"line":168,"column":5}},"50":{"start":{"line":167,"column":8},"end":{"line":167,"column":53}},"51":{"start":{"line":171,"column":4},"end":{"line":173,"column":5}},"52":{"start":{"line":172,"column":8},"end":{"line":172,"column":41}},"53":{"start":{"line":176,"column":4},"end":{"line":193,"column":5}},"54":{"start":{"line":178,"column":12},"end":{"line":181,"column":14}},"55":{"start":{"line":183,"column":12},"end":{"line":186,"column":14}},"56":{"start":{"line":189,"column":12},"end":{"line":192,"column":13}},"57":{"start":{"line":191,"column":16},"end":{"line":191,"column":79}}},"fnMap":{"0":{"name":"(anonymous_0)","decl":{"start":{"line":21,"column":28},"end":{"line":21,"column":29}},"loc":{"start":{"line":24,"column":19},"end":{"line":49,"column":1}},"line":24},"1":{"name":"(anonymous_1)","decl":{"start":{"line":28,"column":13},"end":{"line":28,"column":14}},"loc":{"start":{"line":28,"column":28},"end":{"line":28,"column":47}},"line":28},"2":{"name":"(anonymous_2)","decl":{"start":{"line":32,"column":13},"end":{"line":32,"column":14}},"loc":{"start":{"line":32,"column":28},"end":{"line":32,"column":47}},"line":32},"3":{"name":"(anonymous_3)","decl":{"start":{"line":34,"column":54},"end":{"line":34,"column":55}},"loc":{"start":{"line":34,"column":69},"end":{"line":34,"column":73}},"line":34},"4":{"name":"(anonymous_4)","decl":{"start":{"line":35,"column":54},"end":{"line":35,"column":55}},"loc":{"start":{"line":35,"column":69},"end":{"line":35,"column":73}},"line":35},"5":{"name":"(anonymous_5)","decl":{"start":{"line":39,"column":12},"end":{"line":39,"column":13}},"loc":{"start":{"line":40,"column":16},"end":{"line":43,"column":17}},"line":40},"6":{"name":"(anonymous_6)","decl":{"start":{"line":42,"column":20},"end":{"line":42,"column":21}},"loc":{"start":{"line":42,"column":28},"end":{"line":42,"column":65}},"line":42},"7":{"name":"(anonymous_7)","decl":{"start":{"line":46,"column":12},"end":{"line":46,"column":13}},"loc":{"start":{"line":46,"column":27},"end":{"line":46,"column":61}},"line":46},"8":{"name":"(anonymous_8)","decl":{"start":{"line":51,"column":35},"end":{"line":51,"column":36}},"loc":{"start":{"line":54,"column":5},"end":{"line":60,"column":1}},"line":54},"9":{"name":"(anonymous_9)","decl":{"start":{"line":62,"column":37},"end":{"line":62,"column":38}},"loc":{"start":{"line":65,"column":30},"end":{"line":74,"column":1}},"line":65},"10":{"name":"(anonymous_10)","decl":{"start":{"line":76,"column":28},"end":{"line":76,"column":29}},"loc":{"start":{"line":76,"column":60},"end":{"line":78,"column":1}},"line":76},"11":{"name":"(anonymous_11)","decl":{"start":{"line":80,"column":19},"end":{"line":80,"column":20}},"loc":{"start":{"line":83,"column":5},"end":{"line":98,"column":1}},"line":83},"12":{"name":"(anonymous_12)","decl":{"start":{"line":88,"column":35},"end":{"line":88,"column":36}},"loc":{"start":{"line":88,"column":48},"end":{"line":96,"column":17}},"line":88},"13":{"name":"(anonymous_13)","decl":{"start":{"line":91,"column":28},"end":{"line":91,"column":29}},"loc":{"start":{"line":91,"column":41},"end":{"line":91,"column":74}},"line":91},"14":{"name":"(anonymous_14)","decl":{"start":{"line":101,"column":35},"end":{"line":101,"column":36}},"loc":{"start":{"line":104,"column":5},"end":{"line":125,"column":1}},"line":104},"15":{"name":"(anonymous_15)","decl":{"start":{"line":128,"column":29},"end":{"line":128,"column":30}},"loc":{"start":{"line":131,"column":5},"end":{"line":153,"column":1}},"line":131},"16":{"name":"(anonymous_16)","decl":{"start":{"line":161,"column":26},"end":{"line":161,"column":27}},"loc":{"start":{"line":165,"column":16},"end":{"line":194,"column":1}},"line":165}},"branchMap":{"0":{"loc":{"start":{"line":40,"column":16},"end":{"line":43,"column":17}},"type":"binary-expr","locations":[{"start":{"line":40,"column":16},"end":{"line":40,"column":50}},{"start":{"line":41,"column":16},"end":{"line":43,"column":17}}],"line":40},"1":{"loc":{"start":{"line":42,"column":28},"end":{"line":42,"column":65}},"type":"binary-expr","locations":[{"start":{"line":42,"column":28},"end":{"line":42,"column":44}},{"start":{"line":42,"column":48},"end":{"line":42,"column":65}}],"line":42},"2":{"loc":{"start":{"line":55,"column":4},"end":{"line":57,"column":5}},"type":"if","locations":[{"start":{"line":55,"column":4},"end":{"line":57,"column":5}},{"start":{},"end":{}}],"line":55},"3":{"loc":{"start":{"line":55,"column":8},"end":{"line":55,"column":51}},"type":"binary-expr","locations":[{"start":{"line":55,"column":8},"end":{"line":55,"column":27}},{"start":{"line":55,"column":32},"end":{"line":55,"column":39}},{"start":{"line":55,"column":43},"end":{"line":55,"column":50}}],"line":55},"4":{"loc":{"start":{"line":66,"column":4},"end":{"line":68,"column":5}},"type":"if","locations":[{"start":{"line":66,"column":4},"end":{"line":68,"column":5}},{"start":{},"end":{}}],"line":66},"5":{"loc":{"start":{"line":66,"column":8},"end":{"line":66,"column":66}},"type":"binary-expr","locations":[{"start":{"line":66,"column":8},"end":{"line":66,"column":35}},{"start":{"line":66,"column":39},"end":{"line":66,"column":66}}],"line":66},"6":{"loc":{"start":{"line":71,"column":8},"end":{"line":71,"column":64}},"type":"cond-expr","locations":[{"start":{"line":71,"column":37},"end":{"line":71,"column":48}},{"start":{"line":71,"column":51},"end":{"line":71,"column":64}}],"line":71},"7":{"loc":{"start":{"line":72,"column":8},"end":{"line":72,"column":64}},"type":"cond-expr","locations":[{"start":{"line":72,"column":37},"end":{"line":72,"column":48}},{"start":{"line":72,"column":51},"end":{"line":72,"column":64}}],"line":72},"8":{"loc":{"start":{"line":77,"column":11},"end":{"line":77,"column":76}},"type":"binary-expr","locations":[{"start":{"line":77,"column":11},"end":{"line":77,"column":40}},{"start":{"line":77,"column":44},"end":{"line":77,"column":76}}],"line":77},"9":{"loc":{"start":{"line":85,"column":8},"end":{"line":96,"column":20}},"type":"binary-expr","locations":[{"start":{"line":85,"column":8},"end":{"line":85,"column":41}},{"start":{"line":86,"column":9},"end":{"line":86,"column":58}},{"start":{"line":87,"column":13},"end":{"line":87,"column":40}},{"start":{"line":88,"column":16},"end":{"line":96,"column":18}}],"line":85},"10":{"loc":{"start":{"line":89,"column":20},"end":{"line":95,"column":21}},"type":"if","locations":[{"start":{"line":89,"column":20},"end":{"line":95,"column":21}},{"start":{"line":93,"column":27},"end":{"line":95,"column":21}}],"line":89},"11":{"loc":{"start":{"line":105,"column":4},"end":{"line":107,"column":5}},"type":"if","locations":[{"start":{"line":105,"column":4},"end":{"line":107,"column":5}},{"start":{},"end":{}}],"line":105},"12":{"loc":{"start":{"line":115,"column":4},"end":{"line":117,"column":5}},"type":"if","locations":[{"start":{"line":115,"column":4},"end":{"line":117,"column":5}},{"start":{},"end":{}}],"line":115},"13":{"loc":{"start":{"line":132,"column":4},"end":{"line":134,"column":5}},"type":"if","locations":[{"start":{"line":132,"column":4},"end":{"line":134,"column":5}},{"start":{},"end":{}}],"line":132},"14":{"loc":{"start":{"line":144,"column":4},"end":{"line":146,"column":5}},"type":"if","locations":[{"start":{"line":144,"column":4},"end":{"line":146,"column":5}},{"start":{},"end":{}}],"line":144},"15":{"loc":{"start":{"line":166,"column":4},"end":{"line":168,"column":5}},"type":"if","locations":[{"start":{"line":166,"column":4},"end":{"line":168,"column":5}},{"start":{},"end":{}}],"line":166},"16":{"loc":{"start":{"line":171,"column":4},"end":{"line":173,"column":5}},"type":"if","locations":[{"start":{"line":171,"column":4},"end":{"line":173,"column":5}},{"start":{},"end":{}}],"line":171},"17":{"loc":{"start":{"line":176,"column":4},"end":{"line":193,"column":5}},"type":"switch","locations":[{"start":{"line":177,"column":8},"end":{"line":181,"column":14}},{"start":{"line":182,"column":8},"end":{"line":186,"column":14}},{"start":{"line":187,"column":8},"end":{"line":192,"column":13}}],"line":176},"18":{"loc":{"start":{"line":189,"column":12},"end":{"line":192,"column":13}},"type":"if","locations":[{"start":{"line":189,"column":12},"end":{"line":192,"column":13}},{"start":{},"end":{}}],"line":189}},"s":{"0":2,"1":53,"2":64,"3":53,"4":64,"5":53,"6":12,"7":53,"8":12,"9":53,"10":12,"11":12,"12":12,"13":2,"14":59,"15":40,"16":19,"17":2,"18":68,"19":64,"20":4,"21":2,"22":46,"23":2,"24":46,"25":5,"26":1,"27":3,"28":4,"29":2,"30":2,"31":1,"32":1,"33":1,"34":1,"35":1,"36":0,"37":0,"38":2,"39":45,"40":0,"41":45,"42":45,"43":45,"44":45,"45":45,"46":23,"47":22,"48":2,"49":108,"50":59,"51":49,"52":2,"53":47,"54":2,"55":45,"56":0,"57":0},"f":{"0":53,"1":64,"2":64,"3":12,"4":12,"5":12,"6":12,"7":12,"8":59,"9":68,"10":46,"11":46,"12":5,"13":3,"14":2,"15":45,"16":108},"b":{"0":[12,11],"1":[12,11],"2":[40,19],"3":[59,40,1],"4":[64,4],"5":[68,64],"6":[4,0],"7":[4,0],"8":[46,44],"9":[46,44,22,2],"10":[1,4],"11":[1,1],"12":[1,0],"13":[0,45],"14":[23,22],"15":[59,49],"16":[2,47],"17":[2,45,0],"18":[0,0]},"_coverageSchema":"1a1c01bbd47fc00a2c39e90264f33305004495a9","hash":"c8a683e322330347dbd73f7fb6a6f03b775ee236"}
,"/home/vladislav/WebstormProjects/2022_2_Technopanki_frontend/Reacts/reacts-dom/diff/operations/insert.ts": {"path":"/home/vladislav/WebstormProjects/2022_2_Technopanki_frontend/Reacts/reacts-dom/diff/operations/insert.ts","statementMap":{"0":{"start":{"line":17,"column":35},"end":{"line":33,"column":1}},"1":{"start":{"line":22,"column":31},"end":{"line":22,"column":35}},"2":{"start":{"line":23,"column":4},"end":{"line":32,"column":5}},"3":{"start":{"line":25,"column":12},"end":{"line":25,"column":63}},"4":{"start":{"line":26,"column":12},"end":{"line":26,"column":57}},"5":{"start":{"line":27,"column":12},"end":{"line":27,"column":19}},"6":{"start":{"line":29,"column":12},"end":{"line":29,"column":52}},"7":{"start":{"line":30,"column":12},"end":{"line":30,"column":57}},"8":{"start":{"line":31,"column":12},"end":{"line":31,"column":19}},"9":{"start":{"line":35,"column":30},"end":{"line":46,"column":1}},"10":{"start":{"line":39,"column":4},"end":{"line":41,"column":5}},"11":{"start":{"line":40,"column":8},"end":{"line":40,"column":15}},"12":{"start":{"line":43,"column":4},"end":{"line":45,"column":40}},"13":{"start":{"line":44,"column":36},"end":{"line":44,"column":62}},"14":{"start":{"line":48,"column":29},"end":{"line":57,"column":1}},"15":{"start":{"line":53,"column":4},"end":{"line":53,"column":49}},"16":{"start":{"line":54,"column":4},"end":{"line":54,"column":19}},"17":{"start":{"line":55,"column":4},"end":{"line":55,"column":50}},"18":{"start":{"line":56,"column":4},"end":{"line":56,"column":50}},"19":{"start":{"line":59,"column":35},"end":{"line":73,"column":1}},"20":{"start":{"line":64,"column":4},"end":{"line":64,"column":23}},"21":{"start":{"line":65,"column":4},"end":{"line":69,"column":5}},"22":{"start":{"line":66,"column":8},"end":{"line":66,"column":36}},"23":{"start":{"line":71,"column":4},"end":{"line":71,"column":49}},"24":{"start":{"line":72,"column":4},"end":{"line":72,"column":39}},"25":{"start":{"line":75,"column":26},"end":{"line":109,"column":1}},"26":{"start":{"line":80,"column":4},"end":{"line":80,"column":26}},"27":{"start":{"line":81,"column":4},"end":{"line":88,"column":5}},"28":{"start":{"line":82,"column":8},"end":{"line":86,"column":10}},"29":{"start":{"line":87,"column":8},"end":{"line":87,"column":15}},"30":{"start":{"line":90,"column":4},"end":{"line":108,"column":5}},"31":{"start":{"line":96,"column":12},"end":{"line":96,"column":73}},"32":{"start":{"line":97,"column":12},"end":{"line":97,"column":18}},"33":{"start":{"line":99,"column":12},"end":{"line":103,"column":14}},"34":{"start":{"line":104,"column":12},"end":{"line":104,"column":18}},"35":{"start":{"line":107,"column":12},"end":{"line":107,"column":72}}},"fnMap":{"0":{"name":"(anonymous_0)","decl":{"start":{"line":17,"column":35},"end":{"line":17,"column":36}},"loc":{"start":{"line":21,"column":5},"end":{"line":33,"column":1}},"line":21},"1":{"name":"(anonymous_1)","decl":{"start":{"line":35,"column":30},"end":{"line":35,"column":31}},"loc":{"start":{"line":38,"column":5},"end":{"line":46,"column":1}},"line":38},"2":{"name":"(anonymous_2)","decl":{"start":{"line":44,"column":27},"end":{"line":44,"column":28}},"loc":{"start":{"line":44,"column":36},"end":{"line":44,"column":62}},"line":44},"3":{"name":"(anonymous_3)","decl":{"start":{"line":48,"column":29},"end":{"line":48,"column":30}},"loc":{"start":{"line":52,"column":5},"end":{"line":57,"column":1}},"line":52},"4":{"name":"(anonymous_4)","decl":{"start":{"line":59,"column":35},"end":{"line":59,"column":36}},"loc":{"start":{"line":63,"column":5},"end":{"line":73,"column":1}},"line":63},"5":{"name":"(anonymous_5)","decl":{"start":{"line":75,"column":26},"end":{"line":75,"column":27}},"loc":{"start":{"line":79,"column":5},"end":{"line":109,"column":1}},"line":79}},"branchMap":{"0":{"loc":{"start":{"line":20,"column":4},"end":{"line":20,"column":44}},"type":"default-arg","locations":[{"start":{"line":20,"column":40},"end":{"line":20,"column":44}}],"line":20},"1":{"loc":{"start":{"line":23,"column":4},"end":{"line":32,"column":5}},"type":"switch","locations":[{"start":{"line":24,"column":8},"end":{"line":27,"column":19}},{"start":{"line":28,"column":8},"end":{"line":31,"column":19}}],"line":23},"2":{"loc":{"start":{"line":39,"column":4},"end":{"line":41,"column":5}},"type":"if","locations":[{"start":{"line":39,"column":4},"end":{"line":41,"column":5}},{"start":{},"end":{}}],"line":39},"3":{"loc":{"start":{"line":43,"column":4},"end":{"line":45,"column":39}},"type":"cond-expr","locations":[{"start":{"line":44,"column":10},"end":{"line":44,"column":63}},{"start":{"line":45,"column":10},"end":{"line":45,"column":39}}],"line":43},"4":{"loc":{"start":{"line":51,"column":4},"end":{"line":51,"column":44}},"type":"default-arg","locations":[{"start":{"line":51,"column":40},"end":{"line":51,"column":44}}],"line":51},"5":{"loc":{"start":{"line":62,"column":4},"end":{"line":62,"column":44}},"type":"default-arg","locations":[{"start":{"line":62,"column":40},"end":{"line":62,"column":44}}],"line":62},"6":{"loc":{"start":{"line":65,"column":4},"end":{"line":69,"column":5}},"type":"if","locations":[{"start":{"line":65,"column":4},"end":{"line":69,"column":5}},{"start":{"line":67,"column":11},"end":{"line":69,"column":5}}],"line":65},"7":{"loc":{"start":{"line":78,"column":4},"end":{"line":78,"column":44}},"type":"default-arg","locations":[{"start":{"line":78,"column":40},"end":{"line":78,"column":44}}],"line":78},"8":{"loc":{"start":{"line":81,"column":4},"end":{"line":88,"column":5}},"type":"if","locations":[{"start":{"line":81,"column":4},"end":{"line":88,"column":5}},{"start":{},"end":{}}],"line":81},"9":{"loc":{"start":{"line":90,"column":4},"end":{"line":108,"column":5}},"type":"switch","locations":[{"start":{"line":95,"column":8},"end":{"line":97,"column":18}},{"start":{"line":98,"column":8},"end":{"line":104,"column":18}},{"start":{"line":105,"column":8},"end":{"line":107,"column":72}}],"line":90}},"s":{"0":2,"1":0,"2":0,"3":0,"4":0,"5":0,"6":0,"7":0,"8":0,"9":2,"10":0,"11":0,"12":0,"13":0,"14":2,"15":0,"16":0,"17":0,"18":0,"19":2,"20":0,"21":0,"22":0,"23":0,"24":0,"25":2,"26":0,"27":0,"28":0,"29":0,"30":0,"31":0,"32":0,"33":0,"34":0,"35":0},"f":{"0":0,"1":0,"2":0,"3":0,"4":0,"5":0},"b":{"0":[0],"1":[0,0],"2":[0,0],"3":[0,0],"4":[0],"5":[0],"6":[0,0],"7":[0],"8":[0,0],"9":[0,0,0]},"_coverageSchema":"1a1c01bbd47fc00a2c39e90264f33305004495a9","hash":"bf99c8fcb053087c0c7518d1ff56f9ae7946adbf"}
,"/home/vladislav/WebstormProjects/2022_2_Technopanki_frontend/Reacts/reacts-dom/diff/operations/operations.ts": {"path":"/home/vladislav/WebstormProjects/2022_2_Technopanki_frontend/Reacts/reacts-dom/diff/operations/operations.ts","statementMap":{"0":{"start":{"line":12,"column":32},"end":{"line":12,"column":40}},"1":{"start":{"line":13,"column":33},"end":{"line":13,"column":42}},"2":{"start":{"line":14,"column":30},"end":{"line":14,"column":36}},"3":{"start":{"line":15,"column":32},"end":{"line":15,"column":40}},"4":{"start":{"line":16,"column":32},"end":{"line":16,"column":40}},"5":{"start":{"line":18,"column":51},"end":{"line":21,"column":1}},"6":{"start":{"line":23,"column":22},"end":{"line":32,"column":2}},"7":{"start":{"line":27,"column":23},"end":{"line":32,"column":1}},"8":{"start":{"line":34,"column":23},"end":{"line":41,"column":2}},"9":{"start":{"line":37,"column":24},"end":{"line":41,"column":1}},"10":{"start":{"line":43,"column":20},"end":{"line":43,"column":67}},"11":{"start":{"line":43,"column":42},"end":{"line":43,"column":66}},"12":{"start":{"line":45,"column":22},"end":{"line":48,"column":2}},"13":{"start":{"line":45,"column":62},"end":{"line":48,"column":1}},"14":{"start":{"line":50,"column":22},"end":{"line":53,"column":2}},"15":{"start":{"line":50,"column":62},"end":{"line":53,"column":1}}},"fnMap":{"0":{"name":"(anonymous_0)","decl":{"start":{"line":23,"column":22},"end":{"line":23,"column":23}},"loc":{"start":{"line":27,"column":23},"end":{"line":32,"column":1}},"line":27},"1":{"name":"(anonymous_1)","decl":{"start":{"line":34,"column":23},"end":{"line":34,"column":24}},"loc":{"start":{"line":37,"column":24},"end":{"line":41,"column":1}},"line":37},"2":{"name":"(anonymous_2)","decl":{"start":{"line":43,"column":20},"end":{"line":43,"column":21}},"loc":{"start":{"line":43,"column":42},"end":{"line":43,"column":66}},"line":43},"3":{"name":"(anonymous_3)","decl":{"start":{"line":45,"column":22},"end":{"line":45,"column":23}},"loc":{"start":{"line":45,"column":62},"end":{"line":48,"column":1}},"line":45},"4":{"name":"(anonymous_4)","decl":{"start":{"line":50,"column":22},"end":{"line":50,"column":23}},"loc":{"start":{"line":50,"column":62},"end":{"line":53,"column":1}},"line":50}},"branchMap":{"0":{"loc":{"start":{"line":26,"column":4},"end":{"line":26,"column":53}},"type":"default-arg","locations":[{"start":{"line":26,"column":32},"end":{"line":26,"column":53}}],"line":26}},"s":{"0":3,"1":3,"2":3,"3":3,"4":3,"5":3,"6":3,"7":28,"8":3,"9":47,"10":3,"11":57,"12":3,"13":0,"14":3,"15":0},"f":{"0":28,"1":47,"2":57,"3":0,"4":0},"b":{"0":[0]},"_coverageSchema":"1a1c01bbd47fc00a2c39e90264f33305004495a9","hash":"94b587600f790d602241683262f5940f03fa2a3b"}
,"/home/vladislav/WebstormProjects/2022_2_Technopanki_frontend/Reacts/reacts-dom/diff/operations/remove.ts": {"path":"/home/vladislav/WebstormProjects/2022_2_Technopanki_frontend/Reacts/reacts-dom/diff/operations/remove.ts","statementMap":{"0":{"start":{"line":14,"column":26},"end":{"line":39,"column":1}},"1":{"start":{"line":15,"column":4},"end":{"line":15,"column":21}},"2":{"start":{"line":17,"column":4},"end":{"line":20,"column":5}},"3":{"start":{"line":18,"column":8},"end":{"line":18,"column":20}},"4":{"start":{"line":19,"column":8},"end":{"line":19,"column":15}},"5":{"start":{"line":22,"column":4},"end":{"line":38,"column":5}},"6":{"start":{"line":28,"column":12},"end":{"line":28,"column":50}},"7":{"start":{"line":29,"column":12},"end":{"line":29,"column":48}},"8":{"start":{"line":30,"column":12},"end":{"line":30,"column":18}},"9":{"start":{"line":33,"column":12},"end":{"line":33,"column":72}},"10":{"start":{"line":34,"column":12},"end":{"line":34,"column":59}},"11":{"start":{"line":35,"column":12},"end":{"line":35,"column":18}},"12":{"start":{"line":37,"column":12},"end":{"line":37,"column":63}}},"fnMap":{"0":{"name":"(anonymous_0)","decl":{"start":{"line":14,"column":26},"end":{"line":14,"column":27}},"loc":{"start":{"line":14,"column":70},"end":{"line":39,"column":1}},"line":14}},"branchMap":{"0":{"loc":{"start":{"line":17,"column":4},"end":{"line":20,"column":5}},"type":"if","locations":[{"start":{"line":17,"column":4},"end":{"line":20,"column":5}},{"start":{},"end":{}}],"line":17},"1":{"loc":{"start":{"line":22,"column":4},"end":{"line":38,"column":5}},"type":"switch","locations":[{"start":{"line":27,"column":8},"end":{"line":30,"column":18}},{"start":{"line":31,"column":8},"end":{"line":35,"column":18}},{"start":{"line":36,"column":8},"end":{"line":37,"column":63}}],"line":22}},"s":{"0":2,"1":0,"2":0,"3":0,"4":0,"5":0,"6":0,"7":0,"8":0,"9":0,"10":0,"11":0,"12":0},"f":{"0":0},"b":{"0":[0,0],"1":[0,0,0]},"_coverageSchema":"1a1c01bbd47fc00a2c39e90264f33305004495a9","hash":"987f9167fccab83ab93b39a6618b1510529b5d06"}
,"/home/vladislav/WebstormProjects/2022_2_Technopanki_frontend/Reacts/reacts-dom/diff/operations/replace.ts": {"path":"/home/vladislav/WebstormProjects/2022_2_Technopanki_frontend/Reacts/reacts-dom/diff/operations/replace.ts","statementMap":{"0":{"start":{"line":15,"column":22},"end":{"line":19,"column":1}},"1":{"start":{"line":16,"column":4},"end":{"line":16,"column":21}},"2":{"start":{"line":17,"column":4},"end":{"line":17,"column":25}},"3":{"start":{"line":18,"column":4},"end":{"line":18,"column":20}},"4":{"start":{"line":21,"column":28},"end":{"line":27,"column":1}},"5":{"start":{"line":25,"column":4},"end":{"line":25,"column":42}},"6":{"start":{"line":26,"column":4},"end":{"line":26,"column":29}},"7":{"start":{"line":29,"column":22},"end":{"line":39,"column":1}},"8":{"start":{"line":35,"column":4},"end":{"line":35,"column":49}},"9":{"start":{"line":36,"column":4},"end":{"line":36,"column":19}},"10":{"start":{"line":37,"column":4},"end":{"line":37,"column":50}},"11":{"start":{"line":38,"column":4},"end":{"line":38,"column":50}},"12":{"start":{"line":41,"column":28},"end":{"line":55,"column":1}},"13":{"start":{"line":46,"column":4},"end":{"line":46,"column":23}},"14":{"start":{"line":47,"column":4},"end":{"line":51,"column":5}},"15":{"start":{"line":48,"column":8},"end":{"line":48,"column":36}},"16":{"start":{"line":53,"column":4},"end":{"line":53,"column":49}},"17":{"start":{"line":54,"column":4},"end":{"line":54,"column":39}},"18":{"start":{"line":57,"column":27},"end":{"line":108,"column":1}},"19":{"start":{"line":63,"column":4},"end":{"line":63,"column":27}},"20":{"start":{"line":64,"column":4},"end":{"line":79,"column":5}},"21":{"start":{"line":65,"column":8},"end":{"line":76,"column":9}},"22":{"start":{"line":67,"column":16},"end":{"line":67,"column":70}},"23":{"start":{"line":68,"column":16},"end":{"line":68,"column":22}},"24":{"start":{"line":70,"column":16},"end":{"line":72,"column":18}},"25":{"start":{"line":73,"column":16},"end":{"line":73,"column":22}},"26":{"start":{"line":75,"column":16},"end":{"line":75,"column":65}},"27":{"start":{"line":78,"column":8},"end":{"line":78,"column":15}},"28":{"start":{"line":82,"column":4},"end":{"line":91,"column":5}},"29":{"start":{"line":84,"column":12},"end":{"line":84,"column":61}},"30":{"start":{"line":85,"column":12},"end":{"line":85,"column":18}},"31":{"start":{"line":87,"column":12},"end":{"line":87,"column":73}},"32":{"start":{"line":88,"column":12},"end":{"line":88,"column":18}},"33":{"start":{"line":90,"column":12},"end":{"line":90,"column":54}},"34":{"start":{"line":94,"column":4},"end":{"line":107,"column":5}},"35":{"start":{"line":96,"column":12},"end":{"line":96,"column":76}},"36":{"start":{"line":97,"column":12},"end":{"line":97,"column":18}},"37":{"start":{"line":99,"column":12},"end":{"line":103,"column":14}},"38":{"start":{"line":104,"column":12},"end":{"line":104,"column":18}},"39":{"start":{"line":106,"column":12},"end":{"line":106,"column":54}}},"fnMap":{"0":{"name":"(anonymous_0)","decl":{"start":{"line":15,"column":22},"end":{"line":15,"column":23}},"loc":{"start":{"line":15,"column":69},"end":{"line":19,"column":1}},"line":15},"1":{"name":"(anonymous_1)","decl":{"start":{"line":21,"column":28},"end":{"line":21,"column":29}},"loc":{"start":{"line":24,"column":5},"end":{"line":27,"column":1}},"line":24},"2":{"name":"(anonymous_2)","decl":{"start":{"line":29,"column":22},"end":{"line":29,"column":23}},"loc":{"start":{"line":33,"column":5},"end":{"line":39,"column":1}},"line":33},"3":{"name":"(anonymous_3)","decl":{"start":{"line":41,"column":28},"end":{"line":41,"column":29}},"loc":{"start":{"line":45,"column":5},"end":{"line":55,"column":1}},"line":45},"4":{"name":"(anonymous_4)","decl":{"start":{"line":57,"column":27},"end":{"line":57,"column":28}},"loc":{"start":{"line":62,"column":5},"end":{"line":108,"column":1}},"line":62}},"branchMap":{"0":{"loc":{"start":{"line":32,"column":4},"end":{"line":32,"column":44}},"type":"default-arg","locations":[{"start":{"line":32,"column":40},"end":{"line":32,"column":44}}],"line":32},"1":{"loc":{"start":{"line":44,"column":4},"end":{"line":44,"column":44}},"type":"default-arg","locations":[{"start":{"line":44,"column":40},"end":{"line":44,"column":44}}],"line":44},"2":{"loc":{"start":{"line":47,"column":4},"end":{"line":51,"column":5}},"type":"if","locations":[{"start":{"line":47,"column":4},"end":{"line":51,"column":5}},{"start":{"line":49,"column":11},"end":{"line":51,"column":5}}],"line":47},"3":{"loc":{"start":{"line":61,"column":4},"end":{"line":61,"column":44}},"type":"default-arg","locations":[{"start":{"line":61,"column":40},"end":{"line":61,"column":44}}],"line":61},"4":{"loc":{"start":{"line":64,"column":4},"end":{"line":79,"column":5}},"type":"if","locations":[{"start":{"line":64,"column":4},"end":{"line":79,"column":5}},{"start":{},"end":{}}],"line":64},"5":{"loc":{"start":{"line":65,"column":8},"end":{"line":76,"column":9}},"type":"switch","locations":[{"start":{"line":66,"column":12},"end":{"line":68,"column":22}},{"start":{"line":69,"column":12},"end":{"line":73,"column":22}},{"start":{"line":74,"column":12},"end":{"line":75,"column":65}}],"line":65},"6":{"loc":{"start":{"line":82,"column":4},"end":{"line":91,"column":5}},"type":"switch","locations":[{"start":{"line":83,"column":8},"end":{"line":85,"column":18}},{"start":{"line":86,"column":8},"end":{"line":88,"column":18}},{"start":{"line":89,"column":8},"end":{"line":90,"column":54}}],"line":82},"7":{"loc":{"start":{"line":94,"column":4},"end":{"line":107,"column":5}},"type":"switch","locations":[{"start":{"line":95,"column":8},"end":{"line":97,"column":18}},{"start":{"line":98,"column":8},"end":{"line":104,"column":18}},{"start":{"line":105,"column":8},"end":{"line":106,"column":54}}],"line":94}},"s":{"0":2,"1":0,"2":0,"3":0,"4":2,"5":0,"6":0,"7":2,"8":0,"9":0,"10":0,"11":0,"12":2,"13":0,"14":0,"15":0,"16":0,"17":0,"18":2,"19":0,"20":0,"21":0,"22":0,"23":0,"24":0,"25":0,"26":0,"27":0,"28":0,"29":0,"30":0,"31":0,"32":0,"33":0,"34":0,"35":0,"36":0,"37":0,"38":0,"39":0},"f":{"0":0,"1":0,"2":0,"3":0,"4":0},"b":{"0":[0],"1":[0],"2":[0,0],"3":[0],"4":[0,0],"5":[0,0,0],"6":[0,0,0],"7":[0,0,0]},"_coverageSchema":"1a1c01bbd47fc00a2c39e90264f33305004495a9","hash":"52bb801baaffc3a56f6da10ab6d9b74368dca0a5"}
,"/home/vladislav/WebstormProjects/2022_2_Technopanki_frontend/Reacts/reacts-dom/diff/operations/update.ts": {"path":"/home/vladislav/WebstormProjects/2022_2_Technopanki_frontend/Reacts/reacts-dom/diff/operations/update.ts","statementMap":{"0":{"start":{"line":18,"column":39},"end":{"line":24,"column":1}},"1":{"start":{"line":22,"column":4},"end":{"line":22,"column":52}},"2":{"start":{"line":23,"column":4},"end":{"line":23,"column":49}},"3":{"start":{"line":26,"column":22},"end":{"line":39,"column":1}},"4":{"start":{"line":29,"column":4},"end":{"line":29,"column":55}},"5":{"start":{"line":30,"column":4},"end":{"line":38,"column":12}},"6":{"start":{"line":41,"column":28},"end":{"line":65,"column":1}},"7":{"start":{"line":44,"column":4},"end":{"line":49,"column":5}},"8":{"start":{"line":46,"column":8},"end":{"line":46,"column":61}},"9":{"start":{"line":47,"column":8},"end":{"line":47,"column":47}},"10":{"start":{"line":48,"column":8},"end":{"line":48,"column":15}},"11":{"start":{"line":51,"column":4},"end":{"line":64,"column":5}},"12":{"start":{"line":55,"column":8},"end":{"line":58,"column":10}},"13":{"start":{"line":59,"column":11},"end":{"line":64,"column":5}},"14":{"start":{"line":60,"column":8},"end":{"line":63,"column":10}},"15":{"start":{"line":67,"column":26},"end":{"line":91,"column":1}},"16":{"start":{"line":71,"column":4},"end":{"line":71,"column":26}},"17":{"start":{"line":72,"column":4},"end":{"line":73,"column":5}},"18":{"start":{"line":75,"column":4},"end":{"line":90,"column":5}},"19":{"start":{"line":81,"column":12},"end":{"line":83,"column":14}},"20":{"start":{"line":84,"column":12},"end":{"line":84,"column":19}},"21":{"start":{"line":86,"column":12},"end":{"line":88,"column":14}},"22":{"start":{"line":89,"column":12},"end":{"line":89,"column":19}}},"fnMap":{"0":{"name":"(anonymous_0)","decl":{"start":{"line":18,"column":39},"end":{"line":18,"column":40}},"loc":{"start":{"line":21,"column":5},"end":{"line":24,"column":1}},"line":21},"1":{"name":"(anonymous_1)","decl":{"start":{"line":26,"column":22},"end":{"line":26,"column":23}},"loc":{"start":{"line":28,"column":5},"end":{"line":39,"column":1}},"line":28},"2":{"name":"(anonymous_2)","decl":{"start":{"line":41,"column":28},"end":{"line":41,"column":29}},"loc":{"start":{"line":43,"column":5},"end":{"line":65,"column":1}},"line":43},"3":{"name":"(anonymous_3)","decl":{"start":{"line":67,"column":26},"end":{"line":67,"column":27}},"loc":{"start":{"line":70,"column":5},"end":{"line":91,"column":1}},"line":70}},"branchMap":{"0":{"loc":{"start":{"line":30,"column":4},"end":{"line":38,"column":11}},"type":"cond-expr","locations":[{"start":{"line":31,"column":10},"end":{"line":34,"column":11}},{"start":{"line":35,"column":10},"end":{"line":38,"column":11}}],"line":30},"1":{"loc":{"start":{"line":44,"column":4},"end":{"line":49,"column":5}},"type":"if","locations":[{"start":{"line":44,"column":4},"end":{"line":49,"column":5}},{"start":{},"end":{}}],"line":44},"2":{"loc":{"start":{"line":51,"column":4},"end":{"line":64,"column":5}},"type":"if","locations":[{"start":{"line":51,"column":4},"end":{"line":64,"column":5}},{"start":{"line":59,"column":11},"end":{"line":64,"column":5}}],"line":51},"3":{"loc":{"start":{"line":52,"column":8},"end":{"line":53,"column":46}},"type":"binary-expr","locations":[{"start":{"line":52,"column":8},"end":{"line":52,"column":37}},{"start":{"line":53,"column":8},"end":{"line":53,"column":46}}],"line":52},"4":{"loc":{"start":{"line":59,"column":11},"end":{"line":64,"column":5}},"type":"if","locations":[{"start":{"line":59,"column":11},"end":{"line":64,"column":5}},{"start":{},"end":{}}],"line":59},"5":{"loc":{"start":{"line":72,"column":4},"end":{"line":73,"column":5}},"type":"if","locations":[{"start":{"line":72,"column":4},"end":{"line":73,"column":5}},{"start":{},"end":{}}],"line":72},"6":{"loc":{"start":{"line":75,"column":4},"end":{"line":90,"column":5}},"type":"switch","locations":[{"start":{"line":80,"column":8},"end":{"line":84,"column":19}},{"start":{"line":85,"column":8},"end":{"line":89,"column":19}}],"line":75}},"s":{"0":2,"1":2,"2":2,"3":2,"4":0,"5":0,"6":2,"7":0,"8":0,"9":0,"10":0,"11":0,"12":0,"13":0,"14":0,"15":2,"16":0,"17":0,"18":0,"19":0,"20":0,"21":0,"22":0},"f":{"0":2,"1":0,"2":0,"3":0},"b":{"0":[0,0],"1":[0,0],"2":[0,0],"3":[0,0],"4":[0,0],"5":[0,0],"6":[0,0]},"_coverageSchema":"1a1c01bbd47fc00a2c39e90264f33305004495a9","hash":"0160c66b09568a66421278eb43c5557bddfd7cff"}
,"/home/vladislav/WebstormProjects/2022_2_Technopanki_frontend/Reacts/reacts-dom/props/constants.ts": {"path":"/home/vladislav/WebstormProjects/2022_2_Technopanki_frontend/Reacts/reacts-dom/props/constants.ts","statementMap":{"0":{"start":{"line":1,"column":68},"end":{"line":39,"column":1}},"1":{"start":{"line":41,"column":53},"end":{"line":64,"column":1}}},"fnMap":{},"branchMap":{},"s":{"0":2,"1":2},"f":{},"b":{},"_coverageSchema":"1a1c01bbd47fc00a2c39e90264f33305004495a9","hash":"59d55b64457b89fbf6978edd72735c7c474c2329"}
,"/home/vladislav/WebstormProjects/2022_2_Technopanki_frontend/Reacts/reacts-dom/props/props.ts": {"path":"/home/vladislav/WebstormProjects/2022_2_Technopanki_frontend/Reacts/reacts-dom/props/props.ts","statementMap":{"0":{"start":{"line":10,"column":28},"end":{"line":27,"column":1}},"1":{"start":{"line":16,"column":4},"end":{"line":24,"column":5}},"2":{"start":{"line":17,"column":8},"end":{"line":19,"column":9}},"3":{"start":{"line":18,"column":12},"end":{"line":18,"column":70}},"4":{"start":{"line":21,"column":8},"end":{"line":23,"column":9}},"5":{"start":{"line":22,"column":12},"end":{"line":22,"column":48}},"6":{"start":{"line":26,"column":4},"end":{"line":26,"column":66}},"7":{"start":{"line":29,"column":35},"end":{"line":36,"column":1}},"8":{"start":{"line":30,"column":4},"end":{"line":30,"column":27}},"9":{"start":{"line":31,"column":4},"end":{"line":33,"column":5}},"10":{"start":{"line":32,"column":8},"end":{"line":32,"column":51}},"11":{"start":{"line":35,"column":4},"end":{"line":35,"column":36}},"12":{"start":{"line":38,"column":32},"end":{"line":64,"column":1}},"13":{"start":{"line":54,"column":4},"end":{"line":54,"column":41}},"14":{"start":{"line":55,"column":4},"end":{"line":55,"column":74}},"15":{"start":{"line":58,"column":4},"end":{"line":63,"column":6}},"16":{"start":{"line":59,"column":8},"end":{"line":62,"column":9}},"17":{"start":{"line":66,"column":27},"end":{"line":82,"column":1}},"18":{"start":{"line":70,"column":4},"end":{"line":81,"column":7}},"19":{"start":{"line":72,"column":8},"end":{"line":74,"column":9}},"20":{"start":{"line":73,"column":12},"end":{"line":73,"column":55}},"21":{"start":{"line":76,"column":8},"end":{"line":80,"column":9}},"22":{"start":{"line":77,"column":12},"end":{"line":77,"column":48}},"23":{"start":{"line":79,"column":12},"end":{"line":79,"column":48}},"24":{"start":{"line":84,"column":30},"end":{"line":88,"column":1}},"25":{"start":{"line":85,"column":4},"end":{"line":85,"column":44}},"26":{"start":{"line":85,"column":35},"end":{"line":85,"column":42}},"27":{"start":{"line":86,"column":4},"end":{"line":86,"column":26}},"28":{"start":{"line":87,"column":4},"end":{"line":87,"column":72}},"29":{"start":{"line":90,"column":27},"end":{"line":110,"column":1}},"30":{"start":{"line":94,"column":4},"end":{"line":109,"column":7}},"31":{"start":{"line":96,"column":8},"end":{"line":98,"column":9}},"32":{"start":{"line":97,"column":12},"end":{"line":97,"column":55}},"33":{"start":{"line":100,"column":8},"end":{"line":108,"column":9}},"34":{"start":{"line":101,"column":12},"end":{"line":105,"column":14}},"35":{"start":{"line":107,"column":12},"end":{"line":107,"column":58}},"36":{"start":{"line":112,"column":24},"end":{"line":130,"column":1}},"37":{"start":{"line":113,"column":4},"end":{"line":129,"column":7}},"38":{"start":{"line":114,"column":8},"end":{"line":116,"column":9}},"39":{"start":{"line":115,"column":12},"end":{"line":115,"column":19}},"40":{"start":{"line":118,"column":8},"end":{"line":128,"column":9}},"41":{"start":{"line":119,"column":12},"end":{"line":127,"column":13}},"42":{"start":{"line":120,"column":16},"end":{"line":124,"column":18}},"43":{"start":{"line":126,"column":16},"end":{"line":126,"column":58}}},"fnMap":{"0":{"name":"(anonymous_0)","decl":{"start":{"line":10,"column":28},"end":{"line":10,"column":29}},"loc":{"start":{"line":14,"column":5},"end":{"line":27,"column":1}},"line":14},"1":{"name":"(anonymous_1)","decl":{"start":{"line":29,"column":35},"end":{"line":29,"column":36}},"loc":{"start":{"line":29,"column":79},"end":{"line":36,"column":1}},"line":29},"2":{"name":"(anonymous_2)","decl":{"start":{"line":38,"column":32},"end":{"line":38,"column":33}},"loc":{"start":{"line":42,"column":5},"end":{"line":64,"column":1}},"line":42},"3":{"name":"(anonymous_3)","decl":{"start":{"line":58,"column":33},"end":{"line":58,"column":34}},"loc":{"start":{"line":59,"column":8},"end":{"line":62,"column":9}},"line":59},"4":{"name":"(anonymous_4)","decl":{"start":{"line":66,"column":27},"end":{"line":66,"column":28}},"loc":{"start":{"line":69,"column":5},"end":{"line":82,"column":1}},"line":69},"5":{"name":"(anonymous_5)","decl":{"start":{"line":70,"column":25},"end":{"line":70,"column":26}},"loc":{"start":{"line":70,"column":44},"end":{"line":81,"column":5}},"line":70},"6":{"name":"(anonymous_6)","decl":{"start":{"line":84,"column":30},"end":{"line":84,"column":31}},"loc":{"start":{"line":84,"column":55},"end":{"line":88,"column":1}},"line":84},"7":{"name":"(anonymous_7)","decl":{"start":{"line":85,"column":26},"end":{"line":85,"column":27}},"loc":{"start":{"line":85,"column":35},"end":{"line":85,"column":42}},"line":85},"8":{"name":"(anonymous_8)","decl":{"start":{"line":90,"column":27},"end":{"line":90,"column":28}},"loc":{"start":{"line":93,"column":5},"end":{"line":110,"column":1}},"line":93},"9":{"name":"(anonymous_9)","decl":{"start":{"line":94,"column":21},"end":{"line":94,"column":22}},"loc":{"start":{"line":94,"column":44},"end":{"line":109,"column":5}},"line":94},"10":{"name":"(anonymous_10)","decl":{"start":{"line":112,"column":24},"end":{"line":112,"column":25}},"loc":{"start":{"line":112,"column":49},"end":{"line":130,"column":1}},"line":112},"11":{"name":"(anonymous_11)","decl":{"start":{"line":113,"column":39},"end":{"line":113,"column":40}},"loc":{"start":{"line":113,"column":58},"end":{"line":129,"column":5}},"line":113}},"branchMap":{"0":{"loc":{"start":{"line":16,"column":4},"end":{"line":24,"column":5}},"type":"if","locations":[{"start":{"line":16,"column":4},"end":{"line":24,"column":5}},{"start":{},"end":{}}],"line":16},"1":{"loc":{"start":{"line":17,"column":8},"end":{"line":19,"column":9}},"type":"if","locations":[{"start":{"line":17,"column":8},"end":{"line":19,"column":9}},{"start":{},"end":{}}],"line":17},"2":{"loc":{"start":{"line":21,"column":8},"end":{"line":23,"column":9}},"type":"if","locations":[{"start":{"line":21,"column":8},"end":{"line":23,"column":9}},{"start":{},"end":{}}],"line":21},"3":{"loc":{"start":{"line":31,"column":4},"end":{"line":33,"column":5}},"type":"if","locations":[{"start":{"line":31,"column":4},"end":{"line":33,"column":5}},{"start":{},"end":{}}],"line":31},"4":{"loc":{"start":{"line":72,"column":8},"end":{"line":74,"column":9}},"type":"if","locations":[{"start":{"line":72,"column":8},"end":{"line":74,"column":9}},{"start":{},"end":{}}],"line":72},"5":{"loc":{"start":{"line":76,"column":8},"end":{"line":80,"column":9}},"type":"if","locations":[{"start":{"line":76,"column":8},"end":{"line":80,"column":9}},{"start":{"line":78,"column":15},"end":{"line":80,"column":9}}],"line":76},"6":{"loc":{"start":{"line":96,"column":8},"end":{"line":98,"column":9}},"type":"if","locations":[{"start":{"line":96,"column":8},"end":{"line":98,"column":9}},{"start":{},"end":{}}],"line":96},"7":{"loc":{"start":{"line":100,"column":8},"end":{"line":108,"column":9}},"type":"if","locations":[{"start":{"line":100,"column":8},"end":{"line":108,"column":9}},{"start":{"line":106,"column":15},"end":{"line":108,"column":9}}],"line":100},"8":{"loc":{"start":{"line":114,"column":8},"end":{"line":116,"column":9}},"type":"if","locations":[{"start":{"line":114,"column":8},"end":{"line":116,"column":9}},{"start":{},"end":{}}],"line":114},"9":{"loc":{"start":{"line":118,"column":8},"end":{"line":128,"column":9}},"type":"if","locations":[{"start":{"line":118,"column":8},"end":{"line":128,"column":9}},{"start":{},"end":{}}],"line":118},"10":{"loc":{"start":{"line":119,"column":12},"end":{"line":127,"column":13}},"type":"if","locations":[{"start":{"line":119,"column":12},"end":{"line":127,"column":13}},{"start":{"line":125,"column":19},"end":{"line":127,"column":13}}],"line":119}},"s":{"0":2,"1":0,"2":0,"3":0,"4":0,"5":0,"6":0,"7":2,"8":4,"9":4,"10":2,"11":4,"12":2,"13":3,"14":3,"15":3,"16":2,"17":2,"18":2,"19":1,"20":0,"21":1,"22":1,"23":0,"24":2,"25":0,"26":0,"27":0,"28":0,"29":2,"30":2,"31":1,"32":0,"33":1,"34":1,"35":0,"36":2,"37":2,"38":2,"39":0,"40":2,"41":2,"42":2,"43":0},"f":{"0":0,"1":4,"2":3,"3":2,"4":2,"5":1,"6":0,"7":0,"8":2,"9":1,"10":2,"11":2},"b":{"0":[0,0],"1":[0,0],"2":[0,0],"3":[2,2],"4":[0,1],"5":[1,0],"6":[0,1],"7":[1,0],"8":[0,2],"9":[2,0],"10":[2,0]},"_coverageSchema":"1a1c01bbd47fc00a2c39e90264f33305004495a9","hash":"4d8880938b5a2db5096d18b2bd0cf4a6583e0b41"}
,"/home/vladislav/WebstormProjects/2022_2_Technopanki_frontend/Reacts/reacts-dom/render/renderNode.ts": {"path":"/home/vladislav/WebstormProjects/2022_2_Technopanki_frontend/Reacts/reacts-dom/render/renderNode.ts","statementMap":{"0":{"start":{"line":10,"column":23},"end":{"line":22,"column":1}},"1":{"start":{"line":11,"column":4},"end":{"line":21,"column":5}},"2":{"start":{"line":12,"column":8},"end":{"line":18,"column":11}},"3":{"start":{"line":13,"column":12},"end":{"line":17,"column":13}},"4":{"start":{"line":14,"column":16},"end":{"line":14,"column":47}},"5":{"start":{"line":16,"column":16},"end":{"line":16,"column":43}},"6":{"start":{"line":20,"column":8},"end":{"line":20,"column":38}},"7":{"start":{"line":24,"column":22},"end":{"line":34,"column":1}},"8":{"start":{"line":25,"column":27},"end":{"line":25,"column":60}},"9":{"start":{"line":26,"column":4},"end":{"line":26,"column":30}},"10":{"start":{"line":27,"column":4},"end":{"line":27,"column":19}},"11":{"start":{"line":29,"column":4},"end":{"line":31,"column":5}},"12":{"start":{"line":30,"column":8},"end":{"line":30,"column":60}},"13":{"start":{"line":33,"column":4},"end":{"line":33,"column":40}},"14":{"start":{"line":36,"column":24},"end":{"line":49,"column":1}},"15":{"start":{"line":37,"column":4},"end":{"line":37,"column":20}},"16":{"start":{"line":38,"column":4},"end":{"line":46,"column":5}},"17":{"start":{"line":39,"column":8},"end":{"line":39,"column":33}},"18":{"start":{"line":42,"column":8},"end":{"line":45,"column":9}},"19":{"start":{"line":43,"column":12},"end":{"line":43,"column":71}},"20":{"start":{"line":44,"column":12},"end":{"line":44,"column":65}},"21":{"start":{"line":47,"column":4},"end":{"line":47,"column":46}},"22":{"start":{"line":48,"column":4},"end":{"line":48,"column":39}},"23":{"start":{"line":51,"column":26},"end":{"line":88,"column":1}},"24":{"start":{"line":52,"column":4},"end":{"line":62,"column":5}},"25":{"start":{"line":53,"column":8},"end":{"line":60,"column":9}},"26":{"start":{"line":55,"column":16},"end":{"line":55,"column":64}},"27":{"start":{"line":56,"column":16},"end":{"line":56,"column":22}},"28":{"start":{"line":58,"column":16},"end":{"line":58,"column":75}},"29":{"start":{"line":59,"column":16},"end":{"line":59,"column":22}},"30":{"start":{"line":61,"column":8},"end":{"line":61,"column":15}},"31":{"start":{"line":64,"column":4},"end":{"line":87,"column":5}},"32":{"start":{"line":67,"column":12},"end":{"line":67,"column":38}},"33":{"start":{"line":68,"column":12},"end":{"line":68,"column":18}},"34":{"start":{"line":71,"column":12},"end":{"line":71,"column":40}},"35":{"start":{"line":72,"column":12},"end":{"line":72,"column":18}},"36":{"start":{"line":83,"column":12},"end":{"line":86,"column":13}},"37":{"start":{"line":84,"column":16},"end":{"line":84,"column":46}},"38":{"start":{"line":85,"column":16},"end":{"line":85,"column":58}}},"fnMap":{"0":{"name":"(anonymous_0)","decl":{"start":{"line":10,"column":23},"end":{"line":10,"column":24}},"loc":{"start":{"line":10,"column":73},"end":{"line":22,"column":1}},"line":10},"1":{"name":"(anonymous_1)","decl":{"start":{"line":12,"column":25},"end":{"line":12,"column":26}},"loc":{"start":{"line":12,"column":34},"end":{"line":18,"column":9}},"line":12},"2":{"name":"(anonymous_2)","decl":{"start":{"line":24,"column":22},"end":{"line":24,"column":23}},"loc":{"start":{"line":24,"column":69},"end":{"line":34,"column":1}},"line":24},"3":{"name":"(anonymous_3)","decl":{"start":{"line":36,"column":24},"end":{"line":36,"column":25}},"loc":{"start":{"line":36,"column":74},"end":{"line":49,"column":1}},"line":36},"4":{"name":"(anonymous_4)","decl":{"start":{"line":51,"column":26},"end":{"line":51,"column":27}},"loc":{"start":{"line":51,"column":67},"end":{"line":88,"column":1}},"line":51}},"branchMap":{"0":{"loc":{"start":{"line":11,"column":4},"end":{"line":21,"column":5}},"type":"if","locations":[{"start":{"line":11,"column":4},"end":{"line":21,"column":5}},{"start":{"line":19,"column":11},"end":{"line":21,"column":5}}],"line":11},"1":{"loc":{"start":{"line":13,"column":12},"end":{"line":17,"column":13}},"type":"if","locations":[{"start":{"line":13,"column":12},"end":{"line":17,"column":13}},{"start":{"line":15,"column":19},"end":{"line":17,"column":13}}],"line":13},"2":{"loc":{"start":{"line":29,"column":4},"end":{"line":31,"column":5}},"type":"if","locations":[{"start":{"line":29,"column":4},"end":{"line":31,"column":5}},{"start":{},"end":{}}],"line":29},"3":{"loc":{"start":{"line":38,"column":4},"end":{"line":46,"column":5}},"type":"if","locations":[{"start":{"line":38,"column":4},"end":{"line":46,"column":5}},{"start":{"line":40,"column":11},"end":{"line":46,"column":5}}],"line":38},"4":{"loc":{"start":{"line":42,"column":8},"end":{"line":45,"column":9}},"type":"if","locations":[{"start":{"line":42,"column":8},"end":{"line":45,"column":9}},{"start":{},"end":{}}],"line":42},"5":{"loc":{"start":{"line":52,"column":4},"end":{"line":62,"column":5}},"type":"if","locations":[{"start":{"line":52,"column":4},"end":{"line":62,"column":5}},{"start":{},"end":{}}],"line":52},"6":{"loc":{"start":{"line":52,"column":8},"end":{"line":52,"column":41}},"type":"binary-expr","locations":[{"start":{"line":52,"column":8},"end":{"line":52,"column":13}},{"start":{"line":52,"column":17},"end":{"line":52,"column":41}}],"line":52},"7":{"loc":{"start":{"line":53,"column":8},"end":{"line":60,"column":9}},"type":"switch","locations":[{"start":{"line":54,"column":12},"end":{"line":56,"column":22}},{"start":{"line":57,"column":12},"end":{"line":59,"column":22}}],"line":53},"8":{"loc":{"start":{"line":64,"column":4},"end":{"line":87,"column":5}},"type":"switch","locations":[{"start":{"line":65,"column":8},"end":{"line":68,"column":18}},{"start":{"line":69,"column":8},"end":{"line":72,"column":18}},{"start":{"line":81,"column":8},"end":{"line":86,"column":13}}],"line":64},"9":{"loc":{"start":{"line":83,"column":12},"end":{"line":86,"column":13}},"type":"if","locations":[{"start":{"line":83,"column":12},"end":{"line":86,"column":13}},{"start":{},"end":{}}],"line":83}},"s":{"0":1,"1":0,"2":0,"3":0,"4":0,"5":0,"6":0,"7":1,"8":2,"9":2,"10":2,"11":2,"12":0,"13":2,"14":1,"15":0,"16":0,"17":0,"18":0,"19":0,"20":0,"21":0,"22":0,"23":1,"24":2,"25":0,"26":0,"27":0,"28":0,"29":0,"30":0,"31":2,"32":2,"33":2,"34":0,"35":0,"36":0,"37":0,"38":0},"f":{"0":0,"1":0,"2":2,"3":0,"4":2},"b":{"0":[0,0],"1":[0,0],"2":[0,2],"3":[0,0],"4":[0,0],"5":[0,2],"6":[2,2],"7":[0,0],"8":[2,0,0],"9":[0,0]},"_coverageSchema":"1a1c01bbd47fc00a2c39e90264f33305004495a9","hash":"f92842ed180c3f94f6e4102ac6c56d24be3e7aba"}
,"/home/vladislav/WebstormProjects/2022_2_Technopanki_frontend/Reacts/reacts-dom/render/rerenderNode.ts": {"path":"/home/vladislav/WebstormProjects/2022_2_Technopanki_frontend/Reacts/reacts-dom/render/rerenderNode.ts","statementMap":{"0":{"start":{"line":9,"column":28},"end":{"line":21,"column":1}},"1":{"start":{"line":14,"column":17},"end":{"line":14,"column":45}},"2":{"start":{"line":15,"column":4},"end":{"line":15,"column":22}},"3":{"start":{"line":16,"column":4},"end":{"line":19,"column":5}},"4":{"start":{"line":18,"column":8},"end":{"line":18,"column":34}},"5":{"start":{"line":20,"column":4},"end":{"line":20,"column":29}}},"fnMap":{"0":{"name":"(anonymous_0)","decl":{"start":{"line":9,"column":28},"end":{"line":9,"column":29}},"loc":{"start":{"line":13,"column":5},"end":{"line":21,"column":1}},"line":13}},"branchMap":{"0":{"loc":{"start":{"line":16,"column":4},"end":{"line":19,"column":5}},"type":"if","locations":[{"start":{"line":16,"column":4},"end":{"line":19,"column":5}},{"start":{},"end":{}}],"line":16},"1":{"loc":{"start":{"line":16,"column":8},"end":{"line":16,"column":73}},"type":"binary-expr","locations":[{"start":{"line":16,"column":8},"end":{"line":16,"column":39}},{"start":{"line":16,"column":43},"end":{"line":16,"column":73}}],"line":16}},"s":{"0":1,"1":0,"2":0,"3":0,"4":0,"5":0},"f":{"0":0},"b":{"0":[0,0],"1":[0,0]},"_coverageSchema":"1a1c01bbd47fc00a2c39e90264f33305004495a9","hash":"077f89c20e71a62217e9f9a0a11565afa6e0be67"}
,"/home/vladislav/WebstormProjects/2022_2_Technopanki_frontend/Reacts/reacts-dom/utils/isArray.ts": {"path":"/home/vladislav/WebstormProjects/2022_2_Technopanki_frontend/Reacts/reacts-dom/utils/isArray.ts","statementMap":{"0":{"start":{"line":1,"column":23},"end":{"line":3,"column":1}},"1":{"start":{"line":2,"column":4},"end":{"line":2,"column":30}}},"fnMap":{"0":{"name":"(anonymous_0)","decl":{"start":{"line":1,"column":23},"end":{"line":1,"column":24}},"loc":{"start":{"line":1,"column":37},"end":{"line":3,"column":1}},"line":1}},"branchMap":{},"s":{"0":2,"1":0},"f":{"0":0},"b":{},"_coverageSchema":"1a1c01bbd47fc00a2c39e90264f33305004495a9","hash":"abd8325bbee2538d74497ba175ec383ba19c88db"}
,"/home/vladislav/WebstormProjects/2022_2_Technopanki_frontend/Reacts/reacts-dom/utils/isPrimitive.ts": {"path":"/home/vladislav/WebstormProjects/2022_2_Technopanki_frontend/Reacts/reacts-dom/utils/isPrimitive.ts","statementMap":{"0":{"start":{"line":3,"column":27},"end":{"line":5,"column":1}},"1":{"start":{"line":4,"column":4},"end":{"line":4,"column":73}},"2":{"start":{"line":7,"column":32},"end":{"line":15,"column":1}},"3":{"start":{"line":8,"column":15},"end":{"line":8,"column":20}},"4":{"start":{"line":9,"column":4},"end":{"line":13,"column":7}},"5":{"start":{"line":10,"column":8},"end":{"line":12,"column":9}},"6":{"start":{"line":11,"column":12},"end":{"line":11,"column":24}},"7":{"start":{"line":14,"column":4},"end":{"line":14,"column":16}}},"fnMap":{"0":{"name":"(anonymous_0)","decl":{"start":{"line":3,"column":27},"end":{"line":3,"column":28}},"loc":{"start":{"line":3,"column":58},"end":{"line":5,"column":1}},"line":3},"1":{"name":"(anonymous_1)","decl":{"start":{"line":7,"column":32},"end":{"line":7,"column":33}},"loc":{"start":{"line":7,"column":69},"end":{"line":15,"column":1}},"line":7},"2":{"name":"(anonymous_2)","decl":{"start":{"line":9,"column":18},"end":{"line":9,"column":19}},"loc":{"start":{"line":9,"column":26},"end":{"line":13,"column":5}},"line":9}},"branchMap":{"0":{"loc":{"start":{"line":4,"column":11},"end":{"line":4,"column":72}},"type":"binary-expr","locations":[{"start":{"line":4,"column":11},"end":{"line":4,"column":16}},{"start":{"line":4,"column":20},"end":{"line":4,"column":44}},{"start":{"line":4,"column":48},"end":{"line":4,"column":72}}],"line":4},"1":{"loc":{"start":{"line":10,"column":8},"end":{"line":12,"column":9}},"type":"if","locations":[{"start":{"line":10,"column":8},"end":{"line":12,"column":9}},{"start":{},"end":{}}],"line":10}},"s":{"0":3,"1":216,"2":3,"3":108,"4":108,"5":216,"6":118,"7":108},"f":{"0":216,"1":108,"2":216},"b":{"0":[216,209,152],"1":[118,98]},"_coverageSchema":"1a1c01bbd47fc00a2c39e90264f33305004495a9","hash":"ec2f4da7867e8e32699540c1abb2318f2fed8400"}
,"/home/vladislav/WebstormProjects/2022_2_Technopanki_frontend/Reacts/reacts/src/Component.ts": {"path":"/home/vladislav/WebstormProjects/2022_2_Technopanki_frontend/Reacts/reacts/src/Component.ts","statementMap":{"0":{"start":{"line":9,"column":40},"end":{"line":9,"column":42}},"1":{"start":{"line":11,"column":30},"end":{"line":11,"column":34}},"2":{"start":{"line":12,"column":37},"end":{"line":12,"column":41}},"3":{"start":{"line":15,"column":8},"end":{"line":15,"column":34}},"4":{"start":{"line":23,"column":8},"end":{"line":23,"column":40}},"5":{"start":{"line":25,"column":8},"end":{"line":27,"column":9}},"6":{"start":{"line":26,"column":12},"end":{"line":26,"column":23}},"7":{"start":{"line":29,"column":8},"end":{"line":29,"column":27}},"8":{"start":{"line":34,"column":8},"end":{"line":34,"column":72}},"9":{"start":{"line":38,"column":24},"end":{"line":38,"column":37}},"10":{"start":{"line":39,"column":8},"end":{"line":43,"column":10}},"11":{"start":{"line":45,"column":8},"end":{"line":45,"column":35}},"12":{"start":{"line":47,"column":8},"end":{"line":47,"column":34}},"13":{"start":{"line":56,"column":8},"end":{"line":56,"column":24}},"14":{"start":{"line":57,"column":8},"end":{"line":57,"column":32}}},"fnMap":{"0":{"name":"(anonymous_0)","decl":{"start":{"line":14,"column":4},"end":{"line":14,"column":5}},"loc":{"start":{"line":14,"column":26},"end":{"line":16,"column":5}},"line":14},"1":{"name":"(anonymous_1)","decl":{"start":{"line":18,"column":4},"end":{"line":18,"column":5}},"loc":{"start":{"line":21,"column":6},"end":{"line":30,"column":5}},"line":21},"2":{"name":"(anonymous_2)","decl":{"start":{"line":33,"column":4},"end":{"line":33,"column":5}},"loc":{"start":{"line":33,"column":72},"end":{"line":35,"column":5}},"line":33},"3":{"name":"(anonymous_3)","decl":{"start":{"line":37,"column":4},"end":{"line":37,"column":5}},"loc":{"start":{"line":37,"column":24},"end":{"line":48,"column":5}},"line":37},"4":{"name":"(anonymous_4)","decl":{"start":{"line":51,"column":4},"end":{"line":51,"column":5}},"loc":{"start":{"line":51,"column":30},"end":{"line":51,"column":32}},"line":51},"5":{"name":"(anonymous_5)","decl":{"start":{"line":52,"column":4},"end":{"line":52,"column":5}},"loc":{"start":{"line":52,"column":31},"end":{"line":52,"column":33}},"line":52},"6":{"name":"(anonymous_6)","decl":{"start":{"line":53,"column":4},"end":{"line":53,"column":5}},"loc":{"start":{"line":53,"column":33},"end":{"line":53,"column":35}},"line":53},"7":{"name":"(anonymous_7)","decl":{"start":{"line":55,"column":4},"end":{"line":55,"column":5}},"loc":{"start":{"line":55,"column":20},"end":{"line":58,"column":5}},"line":55}},"branchMap":{"0":{"loc":{"start":{"line":25,"column":8},"end":{"line":27,"column":9}},"type":"if","locations":[{"start":{"line":25,"column":8},"end":{"line":27,"column":9}},{"start":{},"end":{}}],"line":25},"1":{"loc":{"start":{"line":40,"column":12},"end":{"line":40,"column":44}},"type":"binary-expr","locations":[{"start":{"line":40,"column":12},"end":{"line":40,"column":20}},{"start":{"line":40,"column":24},"end":{"line":40,"column":44}}],"line":40}},"s":{"0":10,"1":10,"2":10,"3":10,"4":0,"5":0,"6":0,"7":0,"8":0,"9":0,"10":0,"11":0,"12":0,"13":0,"14":0},"f":{"0":10,"1":0,"2":0,"3":0,"4":0,"5":0,"6":0,"7":0},"b":{"0":[0,0],"1":[0,0]},"_coverageSchema":"1a1c01bbd47fc00a2c39e90264f33305004495a9","hash":"7b2e98c74a29543947e745b9f1508b91239571b6"}
,"/home/vladislav/WebstormProjects/2022_2_Technopanki_frontend/Reacts/shared/constants/getUniqueKey.ts": {"path":"/home/vladislav/WebstormProjects/2022_2_Technopanki_frontend/Reacts/shared/constants/getUniqueKey.ts","statementMap":{"0":{"start":{"line":1,"column":28},"end":{"line":3,"column":1}},"1":{"start":{"line":2,"column":4},"end":{"line":2,"column":25}}},"fnMap":{"0":{"name":"(anonymous_0)","decl":{"start":{"line":1,"column":28},"end":{"line":1,"column":29}},"loc":{"start":{"line":1,"column":34},"end":{"line":3,"column":1}},"line":1}},"branchMap":{},"s":{"0":3,"1":74},"f":{"0":74},"b":{},"_coverageSchema":"1a1c01bbd47fc00a2c39e90264f33305004495a9","hash":"9c0763a196017e54037a4178e8d0cede599de9d2"}
,"/home/vladislav/WebstormProjects/2022_2_Technopanki_frontend/Reacts/shared/constants/symbols.ts": {"path":"/home/vladislav/WebstormProjects/2022_2_Technopanki_frontend/Reacts/shared/constants/symbols.ts","statementMap":{"0":{"start":{"line":1,"column":32},"end":{"line":1,"column":55}},"1":{"start":{"line":2,"column":26},"end":{"line":2,"column":43}},"2":{"start":{"line":3,"column":27},"end":{"line":3,"column":45}},"3":{"start":{"line":4,"column":28},"end":{"line":4,"column":47}}},"fnMap":{},"branchMap":{},"s":{"0":3,"1":3,"2":3,"3":3},"f":{},"b":{},"_coverageSchema":"1a1c01bbd47fc00a2c39e90264f33305004495a9","hash":"3b8ec6761d8ed5c5541bfdebd1859f481ed33633"}
}
