TN:
SF:Reacts/jsx-runtime/createNode.ts
FN:12,(anonymous_0)
FN:22,(anonymous_1)
FN:25,(anonymous_2)
FN:37,(anonymous_3)
FN:84,(anonymous_4)
FNF:5
FNH:5
FNDA:88,(anonymous_0)
FNDA:88,(anonymous_1)
FNDA:10,(anonymous_2)
FNDA:10,(anonymous_3)
FNDA:98,(anonymous_4)
DA:12,3
DA:16,88
DA:22,88
DA:25,3
DA:29,10
DA:30,10
DA:32,10
DA:33,10
DA:34,10
DA:37,3
DA:42,10
DA:50,10
DA:51,10
DA:84,3
DA:89,98
DA:91,88
DA:93,10
DA:99,0
LF:18
LH:17
BRDA:20,0,0,88
BRDA:20,0,1,64
BRDA:46,1,0,10
BRDA:46,1,1,10
BRDA:89,2,0,88
BRDA:89,2,1,10
BRDA:89,2,2,0
BRF:7
BRH:6
end_of_record
TN:
SF:Reacts/jsx-runtime/index.ts
FN:3,(anonymous_0)
FN:7,(anonymous_1)
FNF:2
FNH:2
FNDA:90,(anonymous_0)
FNDA:8,(anonymous_1)
DA:3,3
DA:4,90
DA:7,3
DA:8,8
LF:4
LH:4
BRF:0
BRH:0
end_of_record
TN:
SF:Reacts/reacts-dom/diff/applyChildrenDiff.ts
FN:21,(anonymous_0)
FNF:1
FNH:0
FNDA:0,(anonymous_0)
DA:21,2
DA:26,0
DA:27,0
DA:28,0
DA:29,0
DA:32,0
DA:33,0
DA:35,0
DA:36,0
DA:41,0
DA:44,0
DA:45,0
DA:46,0
DA:49,0
DA:50,0
DA:51,0
DA:54,0
DA:55,0
DA:56,0
DA:58,0
DA:59,0
DA:62,0
DA:63,0
DA:64,0
DA:67,0
LF:25
LH:1
BRDA:24,0,0,0
BRDA:28,1,0,0
BRDA:28,1,1,0
BRDA:35,2,0,0
BRDA:35,2,1,0
BRDA:44,3,0,0
BRDA:44,3,1,0
BRDA:49,4,0,0
BRDA:49,4,1,0
BRDA:54,5,0,0
BRDA:54,5,1,0
BRDA:55,6,0,0
BRDA:55,6,1,0
BRDA:62,7,0,0
BRDA:62,7,1,0
BRF:15
BRH:0
end_of_record
TN:
SF:Reacts/reacts-dom/diff/applyDiff.ts
FN:20,(anonymous_0)
FNF:1
FNH:0
FNDA:0,(anonymous_0)
DA:20,2
DA:21,0
DA:23,0
DA:25,0
DA:26,0
DA:28,0
DA:29,0
DA:32,0
DA:37,0
DA:39,0
LF:10
LH:1
BRDA:21,0,0,0
BRDA:21,0,1,0
BRDA:21,0,2,0
BRDA:21,0,3,0
BRDA:21,0,4,0
BRF:5
BRH:0
end_of_record
TN:
SF:Reacts/reacts-dom/diff/childrenDiff.ts
FN:19,(anonymous_0)
FN:37,(anonymous_1)
FN:48,(anonymous_2)
FN:52,(anonymous_3)
FN:53,(anonymous_4)
FN:55,(anonymous_5)
FN:58,(anonymous_6)
FN:65,(anonymous_7)
FN:71,(anonymous_8)
FN:106,(anonymous_9)
FNF:10
FNH:10
FNDA:20,(anonymous_0)
FNDA:20,(anonymous_1)
FNDA:20,(anonymous_2)
FNDA:30,(anonymous_3)
FNDA:30,(anonymous_4)
FNDA:15,(anonymous_5)
FNDA:5,(anonymous_6)
FNDA:15,(anonymous_7)
FNDA:15,(anonymous_8)
FNDA:7,(anonymous_9)
DA:19,2
DA:24,20
DA:25,0
DA:26,0
DA:37,2
DA:42,20
DA:43,0
DA:44,0
DA:48,2
DA:52,30
DA:53,30
DA:55,20
DA:58,2
DA:62,5
DA:64,5
DA:67,15
DA:70,5
DA:73,15
DA:76,5
DA:81,5
DA:82,15
DA:83,15
DA:85,15
DA:94,15
DA:100,5
DA:101,5
DA:103,5
DA:106,2
DA:110,7
DA:112,7
DA:113,15
DA:114,5
DA:116,10
DA:120,7
LF:34
LH:30
BRDA:24,0,0,20
BRDA:24,0,1,15
BRDA:42,1,0,20
BRDA:42,1,1,15
BRDA:55,2,0,20
BRDA:55,2,1,5
BRDA:113,3,0,5
BRDA:113,3,1,10
BRDA:113,4,0,15
BRDA:113,4,1,5
BRF:10
BRH:10
end_of_record
TN:
SF:Reacts/reacts-dom/diff/createDiff.ts
FN:21,(anonymous_0)
FN:28,(anonymous_1)
FN:32,(anonymous_2)
FN:34,(anonymous_3)
FN:35,(anonymous_4)
FN:39,(anonymous_5)
FN:42,(anonymous_6)
FN:46,(anonymous_7)
FN:51,(anonymous_8)
FN:62,(anonymous_9)
FN:76,(anonymous_10)
FN:80,(anonymous_11)
FN:88,(anonymous_12)
FN:91,(anonymous_13)
FN:101,(anonymous_14)
FN:128,(anonymous_15)
FN:161,(anonymous_16)
FNF:17
FNH:17
FNDA:53,(anonymous_0)
FNDA:64,(anonymous_1)
FNDA:64,(anonymous_2)
FNDA:12,(anonymous_3)
FNDA:12,(anonymous_4)
FNDA:12,(anonymous_5)
FNDA:12,(anonymous_6)
FNDA:12,(anonymous_7)
FNDA:59,(anonymous_8)
FNDA:68,(anonymous_9)
FNDA:46,(anonymous_10)
FNDA:46,(anonymous_11)
FNDA:5,(anonymous_12)
FNDA:3,(anonymous_13)
FNDA:2,(anonymous_14)
FNDA:45,(anonymous_15)
FNDA:108,(anonymous_16)
DA:21,2
DA:26,53
DA:28,64
DA:30,53
DA:32,64
DA:34,53
DA:35,53
DA:37,53
DA:40,12
DA:42,12
DA:46,12
DA:51,2
DA:55,59
DA:56,40
DA:59,19
DA:62,2
DA:66,68
DA:67,64
DA:70,4
DA:76,2
DA:77,46
DA:80,2
DA:84,46
DA:89,5
DA:90,1
DA:91,3
DA:94,4
DA:101,2
DA:105,2
DA:106,1
DA:109,1
DA:110,1
DA:115,1
DA:116,1
DA:119,0
DA:120,0
DA:128,2
DA:132,45
DA:133,0
DA:136,45
DA:137,45
DA:142,45
DA:143,45
DA:144,45
DA:145,23
DA:148,22
DA:161,2
DA:166,108
DA:167,59
DA:171,49
DA:172,2
DA:176,47
DA:178,2
DA:183,45
DA:189,0
DA:191,0
LF:56
LH:51
BRDA:40,0,0,12
BRDA:40,0,1,11
BRDA:42,1,0,12
BRDA:42,1,1,11
BRDA:55,2,0,40
BRDA:55,2,1,19
BRDA:55,3,0,59
BRDA:55,3,1,40
BRDA:55,3,2,1
BRDA:66,4,0,64
BRDA:66,4,1,4
BRDA:66,5,0,68
BRDA:66,5,1,64
BRDA:71,6,0,4
BRDA:71,6,1,0
BRDA:72,7,0,4
BRDA:72,7,1,0
BRDA:77,8,0,46
BRDA:77,8,1,44
BRDA:85,9,0,46
BRDA:85,9,1,44
BRDA:85,9,2,22
BRDA:85,9,3,2
BRDA:89,10,0,1
BRDA:89,10,1,4
BRDA:105,11,0,1
BRDA:105,11,1,1
BRDA:115,12,0,1
BRDA:115,12,1,0
BRDA:132,13,0,0
BRDA:132,13,1,45
BRDA:144,14,0,23
BRDA:144,14,1,22
BRDA:166,15,0,59
BRDA:166,15,1,49
BRDA:171,16,0,2
BRDA:171,16,1,47
BRDA:176,17,0,2
BRDA:176,17,1,45
BRDA:176,17,2,0
BRDA:189,18,0,0
BRDA:189,18,1,0
BRF:42
BRH:35
end_of_record
TN:
SF:Reacts/reacts-dom/diff/operations/insert.ts
FN:17,(anonymous_0)
FN:35,(anonymous_1)
FN:44,(anonymous_2)
FN:48,(anonymous_3)
FN:59,(anonymous_4)
FN:75,(anonymous_5)
FNF:6
FNH:0
FNDA:0,(anonymous_0)
FNDA:0,(anonymous_1)
FNDA:0,(anonymous_2)
FNDA:0,(anonymous_3)
FNDA:0,(anonymous_4)
FNDA:0,(anonymous_5)
DA:17,2
DA:22,0
DA:23,0
DA:25,0
DA:26,0
DA:27,0
DA:29,0
DA:30,0
DA:31,0
DA:35,2
DA:39,0
DA:40,0
DA:43,0
DA:44,0
DA:48,2
DA:53,0
DA:54,0
DA:55,0
DA:56,0
DA:59,2
DA:64,0
DA:65,0
DA:66,0
DA:71,0
DA:72,0
DA:75,2
DA:80,0
DA:81,0
DA:82,0
DA:87,0
DA:90,0
DA:96,0
DA:97,0
DA:99,0
DA:104,0
DA:107,0
LF:36
LH:5
BRDA:20,0,0,0
BRDA:23,1,0,0
BRDA:23,1,1,0
BRDA:39,2,0,0
BRDA:39,2,1,0
BRDA:43,3,0,0
BRDA:43,3,1,0
BRDA:51,4,0,0
BRDA:62,5,0,0
BRDA:65,6,0,0
BRDA:65,6,1,0
BRDA:78,7,0,0
BRDA:81,8,0,0
BRDA:81,8,1,0
BRDA:90,9,0,0
BRDA:90,9,1,0
BRDA:90,9,2,0
BRF:17
BRH:0
end_of_record
TN:
SF:Reacts/reacts-dom/diff/operations/operations.ts
FN:23,(anonymous_0)
FN:34,(anonymous_1)
FN:43,(anonymous_2)
FN:45,(anonymous_3)
FN:50,(anonymous_4)
FNF:5
FNH:3
FNDA:28,(anonymous_0)
FNDA:47,(anonymous_1)
FNDA:57,(anonymous_2)
FNDA:0,(anonymous_3)
FNDA:0,(anonymous_4)
DA:12,3
DA:13,3
DA:14,3
DA:15,3
DA:16,3
DA:18,3
DA:23,3
DA:27,28
DA:34,3
DA:37,47
DA:43,57
DA:45,3
DA:50,3
LF:13
LH:13
BRDA:26,0,0,0
BRF:1
BRH:0
end_of_record
TN:
SF:Reacts/reacts-dom/diff/operations/remove.ts
FN:14,(anonymous_0)
FNF:1
FNH:0
FNDA:0,(anonymous_0)
DA:14,2
DA:15,0
DA:17,0
DA:18,0
DA:19,0
DA:22,0
DA:28,0
DA:29,0
DA:30,0
DA:33,0
DA:34,0
DA:35,0
DA:37,0
LF:13
LH:1
BRDA:17,0,0,0
BRDA:17,0,1,0
BRDA:22,1,0,0
BRDA:22,1,1,0
BRDA:22,1,2,0
BRF:5
BRH:0
end_of_record
TN:
SF:Reacts/reacts-dom/diff/operations/replace.ts
FN:15,(anonymous_0)
FN:21,(anonymous_1)
FN:29,(anonymous_2)
FN:41,(anonymous_3)
FN:57,(anonymous_4)
FNF:5
FNH:0
FNDA:0,(anonymous_0)
FNDA:0,(anonymous_1)
FNDA:0,(anonymous_2)
FNDA:0,(anonymous_3)
FNDA:0,(anonymous_4)
DA:15,2
DA:16,0
DA:17,0
DA:18,0
DA:21,2
DA:25,0
DA:26,0
DA:29,2
DA:35,0
DA:36,0
DA:37,0
DA:38,0
DA:41,2
DA:46,0
DA:47,0
DA:48,0
DA:53,0
DA:54,0
DA:57,2
DA:63,0
DA:64,0
DA:65,0
DA:67,0
DA:68,0
DA:70,0
DA:73,0
DA:75,0
DA:78,0
DA:82,0
DA:84,0
DA:85,0
DA:87,0
DA:88,0
DA:90,0
DA:94,0
DA:96,0
DA:97,0
DA:99,0
DA:104,0
DA:106,0
LF:40
LH:5
BRDA:32,0,0,0
BRDA:44,1,0,0
BRDA:47,2,0,0
BRDA:47,2,1,0
BRDA:61,3,0,0
BRDA:64,4,0,0
BRDA:64,4,1,0
BRDA:65,5,0,0
BRDA:65,5,1,0
BRDA:65,5,2,0
BRDA:82,6,0,0
BRDA:82,6,1,0
BRDA:82,6,2,0
BRDA:94,7,0,0
BRDA:94,7,1,0
BRDA:94,7,2,0
BRF:16
BRH:0
end_of_record
TN:
SF:Reacts/reacts-dom/diff/operations/update.ts
FN:18,(anonymous_0)
FN:26,(anonymous_1)
FN:41,(anonymous_2)
FN:67,(anonymous_3)
FNF:4
FNH:1
FNDA:2,(anonymous_0)
FNDA:0,(anonymous_1)
FNDA:0,(anonymous_2)
FNDA:0,(anonymous_3)
DA:18,2
DA:22,2
DA:23,2
DA:26,2
DA:29,0
DA:30,0
DA:41,2
DA:44,0
DA:46,0
DA:47,0
DA:48,0
DA:51,0
DA:55,0
DA:59,0
DA:60,0
DA:67,2
DA:71,0
DA:72,0
DA:75,0
DA:81,0
DA:84,0
DA:86,0
DA:89,0
LF:23
LH:6
BRDA:30,0,0,0
BRDA:30,0,1,0
BRDA:44,1,0,0
BRDA:44,1,1,0
BRDA:51,2,0,0
BRDA:51,2,1,0
BRDA:52,3,0,0
BRDA:52,3,1,0
BRDA:59,4,0,0
BRDA:59,4,1,0
BRDA:72,5,0,0
BRDA:72,5,1,0
BRDA:75,6,0,0
BRDA:75,6,1,0
BRF:14
BRH:0
end_of_record
TN:
SF:Reacts/reacts-dom/props/constants.ts
FNF:0
FNH:0
DA:1,2
DA:41,2
LF:2
LH:2
BRF:0
BRH:0
end_of_record
TN:
SF:Reacts/reacts-dom/props/props.ts
FN:10,(anonymous_0)
FN:29,(anonymous_1)
FN:38,(anonymous_2)
FN:58,(anonymous_3)
FN:66,(anonymous_4)
FN:70,(anonymous_5)
FN:84,(anonymous_6)
FN:85,(anonymous_7)
FN:90,(anonymous_8)
FN:94,(anonymous_9)
FN:112,(anonymous_10)
FN:113,(anonymous_11)
FNF:12
FNH:9
FNDA:0,(anonymous_0)
FNDA:4,(anonymous_1)
FNDA:3,(anonymous_2)
FNDA:2,(anonymous_3)
FNDA:2,(anonymous_4)
FNDA:1,(anonymous_5)
FNDA:0,(anonymous_6)
FNDA:0,(anonymous_7)
FNDA:2,(anonymous_8)
FNDA:1,(anonymous_9)
FNDA:2,(anonymous_10)
FNDA:2,(anonymous_11)
DA:10,2
DA:16,0
DA:17,0
DA:18,0
DA:21,0
DA:22,0
DA:26,0
DA:29,2
DA:30,4
DA:31,4
DA:32,2
DA:35,4
DA:38,2
DA:54,3
DA:55,3
DA:58,3
DA:59,2
DA:66,2
DA:70,2
DA:72,1
DA:73,0
DA:76,1
DA:77,1
DA:79,0
DA:84,2
DA:85,0
DA:86,0
DA:87,0
DA:90,2
DA:94,2
DA:96,1
DA:97,0
DA:100,1
DA:101,1
DA:107,0
DA:112,2
DA:113,2
DA:114,2
DA:115,0
DA:118,2
DA:119,2
DA:120,2
DA:126,0
LF:43
LH:28
BRDA:16,0,0,0
BRDA:16,0,1,0
BRDA:17,1,0,0
BRDA:17,1,1,0
BRDA:21,2,0,0
BRDA:21,2,1,0
BRDA:31,3,0,2
BRDA:31,3,1,2
BRDA:72,4,0,0
BRDA:72,4,1,1
BRDA:76,5,0,1
BRDA:76,5,1,0
BRDA:96,6,0,0
BRDA:96,6,1,1
BRDA:100,7,0,1
BRDA:100,7,1,0
BRDA:114,8,0,0
BRDA:114,8,1,2
BRDA:118,9,0,2
BRDA:118,9,1,0
BRDA:119,10,0,2
BRDA:119,10,1,0
BRF:22
BRH:9
end_of_record
TN:
SF:Reacts/reacts-dom/render/renderNode.ts
FN:10,(anonymous_0)
FN:12,(anonymous_1)
FN:24,(anonymous_2)
FN:36,(anonymous_3)
FN:51,(anonymous_4)
FNF:5
FNH:2
FNDA:0,(anonymous_0)
FNDA:0,(anonymous_1)
FNDA:2,(anonymous_2)
FNDA:0,(anonymous_3)
FNDA:2,(anonymous_4)
DA:10,1
DA:11,0
DA:12,0
DA:13,0
DA:14,0
DA:16,0
DA:20,0
DA:24,1
DA:25,2
DA:26,2
DA:27,2
DA:29,2
DA:30,0
DA:33,2
DA:36,1
DA:37,0
DA:38,0
DA:39,0
DA:42,0
DA:43,0
DA:44,0
DA:47,0
DA:48,0
DA:51,1
DA:52,2
DA:53,0
DA:55,0
DA:56,0
DA:58,0
DA:59,0
DA:61,0
DA:64,2
DA:67,2
DA:68,2
DA:71,0
DA:72,0
DA:83,0
DA:84,0
DA:85,0
LF:39
LH:13
BRDA:11,0,0,0
BRDA:11,0,1,0
BRDA:13,1,0,0
BRDA:13,1,1,0
BRDA:29,2,0,0
BRDA:29,2,1,2
BRDA:38,3,0,0
BRDA:38,3,1,0
BRDA:42,4,0,0
BRDA:42,4,1,0
BRDA:52,5,0,0
BRDA:52,5,1,2
BRDA:52,6,0,2
BRDA:52,6,1,2
BRDA:53,7,0,0
BRDA:53,7,1,0
BRDA:64,8,0,2
BRDA:64,8,1,0
BRDA:64,8,2,0
BRDA:83,9,0,0
BRDA:83,9,1,0
BRF:21
BRH:5
end_of_record
TN:
SF:Reacts/reacts-dom/render/rerenderNode.ts
FN:9,(anonymous_0)
FNF:1
FNH:0
FNDA:0,(anonymous_0)
DA:9,1
DA:14,0
DA:15,0
DA:16,0
DA:18,0
DA:20,0
LF:6
LH:1
BRDA:16,0,0,0
BRDA:16,0,1,0
BRDA:16,1,0,0
BRDA:16,1,1,0
BRF:4
BRH:0
end_of_record
TN:
SF:Reacts/reacts-dom/utils/isArray.ts
FN:1,(anonymous_0)
FNF:1
FNH:0
FNDA:0,(anonymous_0)
DA:1,2
DA:2,0
LF:2
LH:1
BRF:0
BRH:0
end_of_record
TN:
SF:Reacts/reacts-dom/utils/isPrimitive.ts
FN:3,(anonymous_0)
FN:7,(anonymous_1)
FN:9,(anonymous_2)
FNF:3
FNH:3
FNDA:216,(anonymous_0)
FNDA:108,(anonymous_1)
FNDA:216,(anonymous_2)
DA:3,3
DA:4,216
DA:7,3
DA:8,108
DA:9,108
DA:10,216
DA:11,118
DA:14,108
LF:8
LH:8
BRDA:4,0,0,216
BRDA:4,0,1,209
BRDA:4,0,2,152
BRDA:10,1,0,118
BRDA:10,1,1,98
BRF:5
BRH:5
end_of_record
TN:
SF:Reacts/reacts/src/Component.ts
FN:14,(anonymous_0)
FN:18,(anonymous_1)
FN:33,(anonymous_2)
FN:37,(anonymous_3)
FN:51,(anonymous_4)
FN:52,(anonymous_5)
FN:53,(anonymous_6)
FN:55,(anonymous_7)
FNF:8
FNH:1
FNDA:10,(anonymous_0)
FNDA:0,(anonymous_1)
FNDA:0,(anonymous_2)
FNDA:0,(anonymous_3)
FNDA:0,(anonymous_4)
FNDA:0,(anonymous_5)
FNDA:0,(anonymous_6)
FNDA:0,(anonymous_7)
DA:9,10
DA:11,10
DA:12,10
DA:15,10
DA:23,0
DA:25,0
DA:26,0
DA:29,0
DA:34,0
DA:38,0
DA:39,0
DA:45,0
DA:47,0
DA:56,0
DA:57,0
LF:15
LH:4
BRDA:25,0,0,0
BRDA:25,0,1,0
BRDA:40,1,0,0
BRDA:40,1,1,0
BRF:4
BRH:0
end_of_record
TN:
SF:Reacts/shared/constants/getUniqueKey.ts
FN:1,(anonymous_0)
FNF:1
FNH:1
FNDA:74,(anonymous_0)
DA:1,3
DA:2,74
LF:2
LH:2
BRF:0
BRH:0
end_of_record
TN:
SF:Reacts/shared/constants/symbols.ts
FNF:0
FNH:0
DA:1,3
DA:2,3
DA:3,3
DA:4,3
LF:4
LH:4
BRF:0
BRH:0
end_of_record
